{"/home/travis/build/npmtest/node-npmtest-waterlock/test.js":{"path":"/home/travis/build/npmtest/node-npmtest-waterlock/test.js","s":{"1":2,"2":2,"3":2,"4":2,"5":2,"6":2,"7":2,"8":1,"9":2,"10":2,"11":1,"12":1,"13":1,"14":1,"15":2,"16":2,"17":2,"18":2,"19":1,"20":1,"21":2,"22":2,"23":2,"24":1,"25":1,"26":1,"27":1,"28":1,"29":1,"30":1,"31":1,"32":1,"33":1,"34":1,"35":1,"36":1,"37":1,"38":1,"39":2,"40":2,"41":1,"42":2,"43":2,"44":1,"45":2,"46":2,"47":1,"48":2,"49":2,"50":1,"51":1,"52":1,"53":1,"54":1},"b":{"1":[2,1,1,1],"2":[1,1,1,1],"3":[1,1],"4":[1,1],"5":[1,1],"6":[1,1],"7":[1,1],"8":[1,1],"9":[1,1],"10":[1,1,1],"11":[1,1],"12":[1,1],"13":[1,1],"14":[1,1],"15":[1,1],"16":[1,1],"17":[1,1]},"f":{"1":2,"2":2,"3":2,"4":2,"5":2,"6":1,"7":1,"8":1,"9":2,"10":2,"11":2,"12":2,"13":1},"fnMap":{"1":{"name":"(anonymous_1)","line":12,"loc":{"start":{"line":12,"column":1},"end":{"line":12,"column":13}}},"2":{"name":"(anonymous_2)","line":19,"loc":{"start":{"line":19,"column":5},"end":{"line":19,"column":17}}},"3":{"name":"(anonymous_3)","line":23,"loc":{"start":{"line":23,"column":24},"end":{"line":23,"column":36}}},"4":{"name":"(anonymous_4)","line":61,"loc":{"start":{"line":61,"column":5},"end":{"line":61,"column":17}}},"5":{"name":"(anonymous_5)","line":82,"loc":{"start":{"line":82,"column":5},"end":{"line":82,"column":17}}},"6":{"name":"(anonymous_6)","line":91,"loc":{"start":{"line":91,"column":77},"end":{"line":94,"column":10}}},"7":{"name":"(anonymous_7)","line":112,"loc":{"start":{"line":112,"column":83},"end":{"line":115,"column":10}},"skip":true},"8":{"name":"(anonymous_8)","line":123,"loc":{"start":{"line":123,"column":77},"end":{"line":126,"column":10}},"skip":true},"9":{"name":"(anonymous_9)","line":139,"loc":{"start":{"line":139,"column":12},"end":{"line":139,"column":40}},"skip":true},"10":{"name":"(anonymous_10)","line":147,"loc":{"start":{"line":147,"column":77},"end":{"line":150,"column":10}},"skip":true},"11":{"name":"(anonymous_11)","line":158,"loc":{"start":{"line":158,"column":83},"end":{"line":161,"column":10}},"skip":true},"12":{"name":"(anonymous_12)","line":169,"loc":{"start":{"line":169,"column":79},"end":{"line":172,"column":10}},"skip":true},"13":{"name":"(anonymous_13)","line":180,"loc":{"start":{"line":180,"column":75},"end":{"line":183,"column":10}},"skip":true}},"statementMap":{"1":{"start":{"line":12,"column":0},"end":{"line":195,"column":5}},"2":{"start":{"line":14,"column":4},"end":{"line":14,"column":14}},"3":{"start":{"line":19,"column":4},"end":{"line":56,"column":9}},"4":{"start":{"line":21,"column":8},"end":{"line":21,"column":19}},"5":{"start":{"line":23,"column":8},"end":{"line":35,"column":13}},"6":{"start":{"line":24,"column":12},"end":{"line":34,"column":13}},"7":{"start":{"line":25,"column":16},"end":{"line":28,"column":30}},"8":{"start":{"line":30,"column":16},"end":{"line":33,"column":27}},"9":{"start":{"line":37,"column":8},"end":{"line":39,"column":21}},"10":{"start":{"line":40,"column":8},"end":{"line":53,"column":9}},"11":{"start":{"line":43,"column":12},"end":{"line":46,"column":14}},"12":{"start":{"line":47,"column":12},"end":{"line":47,"column":18}},"13":{"start":{"line":50,"column":12},"end":{"line":51,"column":33}},"14":{"start":{"line":52,"column":12},"end":{"line":52,"column":18}},"15":{"start":{"line":55,"column":8},"end":{"line":55,"column":35}},"16":{"start":{"line":61,"column":4},"end":{"line":63,"column":9}},"17":{"start":{"line":62,"column":8},"end":{"line":62,"column":15}},"18":{"start":{"line":64,"column":4},"end":{"line":77,"column":5}},"19":{"start":{"line":70,"column":8},"end":{"line":70,"column":14}},"20":{"start":{"line":76,"column":8},"end":{"line":76,"column":14}},"21":{"start":{"line":82,"column":4},"end":{"line":84,"column":9}},"22":{"start":{"line":83,"column":8},"end":{"line":83,"column":15}},"23":{"start":{"line":85,"column":4},"end":{"line":194,"column":5}},"24":{"start":{"line":91,"column":8},"end":{"line":99,"column":10}},"25":{"start":{"line":98,"column":12},"end":{"line":98,"column":35}},"26":{"start":{"line":102,"column":8},"end":{"line":104,"column":63}},"27":{"start":{"line":105,"column":8},"end":{"line":105,"column":14}},"28":{"start":{"line":112,"column":8},"end":{"line":121,"column":10},"skip":true},"29":{"start":{"line":119,"column":12},"end":{"line":119,"column":55},"skip":true},"30":{"start":{"line":120,"column":12},"end":{"line":120,"column":48},"skip":true},"31":{"start":{"line":123,"column":8},"end":{"line":136,"column":10},"skip":true},"32":{"start":{"line":130,"column":12},"end":{"line":130,"column":76},"skip":true},"33":{"start":{"line":131,"column":12},"end":{"line":131,"column":73},"skip":true},"34":{"start":{"line":132,"column":12},"end":{"line":132,"column":74},"skip":true},"35":{"start":{"line":133,"column":12},"end":{"line":133,"column":79},"skip":true},"36":{"start":{"line":134,"column":12},"end":{"line":134,"column":25},"skip":true},"37":{"start":{"line":135,"column":12},"end":{"line":135,"column":45},"skip":true},"38":{"start":{"line":138,"column":8},"end":{"line":145,"column":14},"skip":true},"39":{"start":{"line":143,"column":16},"end":{"line":143,"column":29},"skip":true},"40":{"start":{"line":144,"column":16},"end":{"line":144,"column":55},"skip":true},"41":{"start":{"line":147,"column":8},"end":{"line":156,"column":10},"skip":true},"42":{"start":{"line":154,"column":12},"end":{"line":154,"column":25},"skip":true},"43":{"start":{"line":155,"column":12},"end":{"line":155,"column":45},"skip":true},"44":{"start":{"line":158,"column":8},"end":{"line":167,"column":10},"skip":true},"45":{"start":{"line":165,"column":12},"end":{"line":165,"column":25},"skip":true},"46":{"start":{"line":166,"column":12},"end":{"line":166,"column":48},"skip":true},"47":{"start":{"line":169,"column":8},"end":{"line":178,"column":10},"skip":true},"48":{"start":{"line":176,"column":12},"end":{"line":176,"column":25},"skip":true},"49":{"start":{"line":177,"column":12},"end":{"line":177,"column":46},"skip":true},"50":{"start":{"line":180,"column":8},"end":{"line":189,"column":10},"skip":true},"51":{"start":{"line":187,"column":12},"end":{"line":187,"column":94},"skip":true},"52":{"start":{"line":188,"column":12},"end":{"line":188,"column":48},"skip":true},"53":{"start":{"line":192,"column":8},"end":{"line":192,"column":35},"skip":true},"54":{"start":{"line":193,"column":8},"end":{"line":193,"column":14},"skip":true}},"branchMap":{"1":{"line":25,"type":"binary-expr","locations":[{"start":{"line":25,"column":23},"end":{"line":25,"column":62}},{"start":{"line":26,"column":20},"end":{"line":26,"column":70}},{"start":{"line":27,"column":20},"end":{"line":27,"column":71}},{"start":{"line":28,"column":20},"end":{"line":28,"column":29}}]},"2":{"line":30,"type":"binary-expr","locations":[{"start":{"line":30,"column":23},"end":{"line":30,"column":37}},{"start":{"line":31,"column":20},"end":{"line":31,"column":61}},{"start":{"line":32,"column":20},"end":{"line":32,"column":70}},{"start":{"line":33,"column":20},"end":{"line":33,"column":26}}]},"3":{"line":37,"type":"cond-expr","locations":[{"start":{"line":38,"column":14},"end":{"line":38,"column":20}},{"start":{"line":39,"column":14},"end":{"line":39,"column":20}}]},"4":{"line":40,"type":"switch","locations":[{"start":{"line":42,"column":8},"end":{"line":47,"column":18}},{"start":{"line":49,"column":8},"end":{"line":52,"column":18}}]},"5":{"line":44,"type":"binary-expr","locations":[{"start":{"line":44,"column":16},"end":{"line":44,"column":44}},{"start":{"line":44,"column":48},"end":{"line":44,"column":66}}]},"6":{"line":50,"type":"binary-expr","locations":[{"start":{"line":50,"column":21},"end":{"line":50,"column":49}},{"start":{"line":50,"column":53},"end":{"line":50,"column":72}}]},"7":{"line":64,"type":"switch","locations":[{"start":{"line":69,"column":4},"end":{"line":70,"column":14}},{"start":{"line":75,"column":4},"end":{"line":76,"column":14}}]},"8":{"line":85,"type":"switch","locations":[{"start":{"line":90,"column":4},"end":{"line":105,"column":14}},{"start":{"line":111,"column":4},"end":{"line":193,"column":14},"skip":true}]},"9":{"line":91,"type":"binary-expr","locations":[{"start":{"line":91,"column":42},"end":{"line":91,"column":73}},{"start":{"line":91,"column":77},"end":{"line":99,"column":9}}]},"10":{"line":102,"type":"binary-expr","locations":[{"start":{"line":102,"column":18},"end":{"line":102,"column":32}},{"start":{"line":103,"column":12},"end":{"line":103,"column":53}},{"start":{"line":104,"column":12},"end":{"line":104,"column":61}}]},"11":{"line":112,"type":"binary-expr","locations":[{"start":{"line":112,"column":45},"end":{"line":112,"column":79},"skip":true},{"start":{"line":112,"column":83},"end":{"line":121,"column":9},"skip":true}]},"12":{"line":123,"type":"binary-expr","locations":[{"start":{"line":123,"column":42},"end":{"line":123,"column":73},"skip":true},{"start":{"line":123,"column":77},"end":{"line":136,"column":9},"skip":true}]},"13":{"line":138,"type":"binary-expr","locations":[{"start":{"line":138,"column":48},"end":{"line":138,"column":85},"skip":true},{"start":{"line":139,"column":12},"end":{"line":145,"column":13},"skip":true}]},"14":{"line":147,"type":"binary-expr","locations":[{"start":{"line":147,"column":42},"end":{"line":147,"column":73},"skip":true},{"start":{"line":147,"column":77},"end":{"line":156,"column":9},"skip":true}]},"15":{"line":158,"type":"binary-expr","locations":[{"start":{"line":158,"column":45},"end":{"line":158,"column":79},"skip":true},{"start":{"line":158,"column":83},"end":{"line":167,"column":9},"skip":true}]},"16":{"line":169,"type":"binary-expr","locations":[{"start":{"line":169,"column":43},"end":{"line":169,"column":75},"skip":true},{"start":{"line":169,"column":79},"end":{"line":178,"column":9},"skip":true}]},"17":{"line":180,"type":"binary-expr","locations":[{"start":{"line":180,"column":41},"end":{"line":180,"column":71},"skip":true},{"start":{"line":180,"column":75},"end":{"line":189,"column":9},"skip":true}]}},"code":["/* istanbul instrument in package npmtest_waterlock */","/*jslint","    bitwise: true,","    browser: true,","    maxerr: 8,","    maxlen: 96,","    node: true,","    nomen: true,","    regexp: true,","    stupid: true","*/","(function () {","    'use strict';","    var local;","","","","    // run shared js-env code - init-before","    (function () {","        // init local","        local = {};","        // init modeJs","        local.modeJs = (function () {","            try {","                return typeof navigator.userAgent === 'string' &&","                    typeof document.querySelector('body') === 'object' &&","                    typeof XMLHttpRequest.prototype.open === 'function' &&","                    'browser';","            } catch (errorCaughtBrowser) {","                return module.exports &&","                    typeof process.versions.node === 'string' &&","                    typeof require('http').createServer === 'function' &&","                    'node';","            }","        }());","        // init global","        local.global = local.modeJs === 'browser'","            ? window","            : global;","        switch (local.modeJs) {","        // re-init local from window.local","        case 'browser':","            local = local.global.utility2.objectSetDefault(","                local.global.utility2_rollup || local.global.local,","                local.global.utility2","            );","            break;","        // re-init local from example.js","        case 'node':","            local = (local.global.utility2_rollup || require('utility2'))","                .requireReadme();","            break;","        }","        // export local","        local.global.local = local;","    }());","","","","    // run shared js-env code - function","    (function () {","        return;","    }());","    switch (local.modeJs) {","","","","    // run browser js-env code - function","    case 'browser':","        break;","","","","    // run node js-env code - function","    case 'node':","        break;","    }","","","","    // run shared js-env code - init-after","    (function () {","        return;","    }());","    switch (local.modeJs) {","","","","    // run browser js-env code - init-after","    case 'browser':","        local.testCase_browser_nullCase = local.testCase_browser_nullCase || function (","            options,","            onError","        ) {","        /*","         * this function will test browsers's null-case handling-behavior-behavior","         */","            onError(null, options);","        };","","        // run tests","        local.nop(local.modeTest &&","            document.querySelector('#testRunButton1') &&","            document.querySelector('#testRunButton1').click());","        break;","","","","    // run node js-env code - init-after","    /* istanbul ignore next */","    case 'node':","        local.testCase_buildApidoc_default = local.testCase_buildApidoc_default || function (","            options,","            onError","        ) {","        /*","         * this function will test buildApidoc's default handling-behavior-behavior","         */","            options = { modulePathList: module.paths };","            local.buildApidoc(options, onError);","        };","","        local.testCase_buildApp_default = local.testCase_buildApp_default || function (","            options,","            onError","        ) {","        /*","         * this function will test buildApp's default handling-behavior-behavior","         */","            local.testCase_buildReadme_default(options, local.onErrorThrow);","            local.testCase_buildLib_default(options, local.onErrorThrow);","            local.testCase_buildTest_default(options, local.onErrorThrow);","            local.testCase_buildCustomOrg_default(options, local.onErrorThrow);","            options = [];","            local.buildApp(options, onError);","        };","","        local.testCase_buildCustomOrg_default = local.testCase_buildCustomOrg_default ||","            function (options, onError) {","            /*","             * this function will test buildCustomOrg's default handling-behavior","             */","                options = {};","                local.buildCustomOrg(options, onError);","            };","","        local.testCase_buildLib_default = local.testCase_buildLib_default || function (","            options,","            onError","        ) {","        /*","         * this function will test buildLib's default handling-behavior","         */","            options = {};","            local.buildLib(options, onError);","        };","","        local.testCase_buildReadme_default = local.testCase_buildReadme_default || function (","            options,","            onError","        ) {","        /*","         * this function will test buildReadme's default handling-behavior-behavior","         */","            options = {};","            local.buildReadme(options, onError);","        };","","        local.testCase_buildTest_default = local.testCase_buildTest_default || function (","            options,","            onError","        ) {","        /*","         * this function will test buildTest's default handling-behavior","         */","            options = {};","            local.buildTest(options, onError);","        };","","        local.testCase_webpage_default = local.testCase_webpage_default || function (","            options,","            onError","        ) {","        /*","         * this function will test webpage's default handling-behavior","         */","            options = { modeCoverageMerge: true, url: local.serverLocalHost + '?modeTest=1' };","            local.browserTest(options, onError);","        };","","        // run test-server","        local.testRunServer(local);","        break;","    }","}());",""],"l":{"12":2,"14":2,"19":2,"21":2,"23":2,"24":2,"25":2,"30":1,"37":2,"40":2,"43":1,"47":1,"50":1,"52":1,"55":2,"61":2,"62":2,"64":2,"70":1,"76":1,"82":2,"83":2,"85":2,"91":1,"98":1,"102":1,"105":1,"112":1,"119":1,"120":1,"123":1,"130":1,"131":1,"132":1,"133":1,"134":1,"135":1,"138":1,"143":2,"144":2,"147":1,"154":2,"155":2,"158":1,"165":2,"166":2,"169":1,"176":2,"177":2,"180":1,"187":1,"188":1,"192":1,"193":1}},"/home/travis/build/npmtest/node-npmtest-waterlock/lib.npmtest_waterlock.js":{"path":"/home/travis/build/npmtest/node-npmtest-waterlock/lib.npmtest_waterlock.js","s":{"1":2,"2":2,"3":2,"4":2,"5":2,"6":2,"7":2,"8":1,"9":2,"10":2,"11":2,"12":2,"13":1,"14":1,"15":1,"16":1},"b":{"1":[2,1,1,1],"2":[1,1,1,1],"3":[1,1],"4":[2,2],"5":[1,1]},"f":{"1":2,"2":2,"3":2},"fnMap":{"1":{"name":"(anonymous_1)","line":12,"loc":{"start":{"line":12,"column":1},"end":{"line":12,"column":13}}},"2":{"name":"(anonymous_2)","line":19,"loc":{"start":{"line":19,"column":5},"end":{"line":19,"column":17}}},"3":{"name":"(anonymous_3)","line":23,"loc":{"start":{"line":23,"column":24},"end":{"line":23,"column":36}}}},"statementMap":{"1":{"start":{"line":12,"column":0},"end":{"line":53,"column":5}},"2":{"start":{"line":14,"column":4},"end":{"line":14,"column":14}},"3":{"start":{"line":19,"column":4},"end":{"line":52,"column":9}},"4":{"start":{"line":21,"column":8},"end":{"line":21,"column":19}},"5":{"start":{"line":23,"column":8},"end":{"line":35,"column":13}},"6":{"start":{"line":24,"column":12},"end":{"line":34,"column":13}},"7":{"start":{"line":25,"column":16},"end":{"line":28,"column":30}},"8":{"start":{"line":30,"column":16},"end":{"line":33,"column":27}},"9":{"start":{"line":37,"column":8},"end":{"line":39,"column":21}},"10":{"start":{"line":41,"column":8},"end":{"line":41,"column":54}},"11":{"start":{"line":43,"column":8},"end":{"line":43,"column":54}},"12":{"start":{"line":45,"column":8},"end":{"line":51,"column":9}},"13":{"start":{"line":46,"column":12},"end":{"line":46,"column":60}},"14":{"start":{"line":48,"column":12},"end":{"line":48,"column":35}},"15":{"start":{"line":49,"column":12},"end":{"line":49,"column":49}},"16":{"start":{"line":50,"column":12},"end":{"line":50,"column":43}}},"branchMap":{"1":{"line":25,"type":"binary-expr","locations":[{"start":{"line":25,"column":23},"end":{"line":25,"column":62}},{"start":{"line":26,"column":20},"end":{"line":26,"column":70}},{"start":{"line":27,"column":20},"end":{"line":27,"column":71}},{"start":{"line":28,"column":20},"end":{"line":28,"column":29}}]},"2":{"line":30,"type":"binary-expr","locations":[{"start":{"line":30,"column":23},"end":{"line":30,"column":37}},{"start":{"line":31,"column":20},"end":{"line":31,"column":61}},{"start":{"line":32,"column":20},"end":{"line":32,"column":70}},{"start":{"line":33,"column":20},"end":{"line":33,"column":26}}]},"3":{"line":37,"type":"cond-expr","locations":[{"start":{"line":38,"column":14},"end":{"line":38,"column":20}},{"start":{"line":39,"column":14},"end":{"line":39,"column":20}}]},"4":{"line":41,"type":"binary-expr","locations":[{"start":{"line":41,"column":16},"end":{"line":41,"column":44}},{"start":{"line":41,"column":48},"end":{"line":41,"column":53}}]},"5":{"line":45,"type":"if","locations":[{"start":{"line":45,"column":8},"end":{"line":45,"column":8}},{"start":{"line":45,"column":8},"end":{"line":45,"column":8}}]}},"code":["/* istanbul instrument in package npmtest_waterlock */","/*jslint","    bitwise: true,","    browser: true,","    maxerr: 8,","    maxlen: 96,","    node: true,","    nomen: true,","    regexp: true,","    stupid: true","*/","(function () {","    'use strict';","    var local;","","","","    // run shared js-env code - init-before","    (function () {","        // init local","        local = {};","        // init modeJs","        local.modeJs = (function () {","            try {","                return typeof navigator.userAgent === 'string' &&","                    typeof document.querySelector('body') === 'object' &&","                    typeof XMLHttpRequest.prototype.open === 'function' &&","                    'browser';","            } catch (errorCaughtBrowser) {","                return module.exports &&","                    typeof process.versions.node === 'string' &&","                    typeof require('http').createServer === 'function' &&","                    'node';","            }","        }());","        // init global","        local.global = local.modeJs === 'browser'","            ? window","            : global;","        // init utility2_rollup","        local = local.global.utility2_rollup || local;","        // init lib","        local.local = local.npmtest_waterlock = local;","        // init exports","        if (local.modeJs === 'browser') {","            local.global.utility2_npmtest_waterlock = local;","        } else {","            module.exports = local;","            module.exports.__dirname = __dirname;","            module.exports.module = module;","        }","    }());","}());",""],"l":{"12":2,"14":2,"19":2,"21":2,"23":2,"24":2,"25":2,"30":1,"37":2,"41":2,"43":2,"45":2,"46":1,"48":1,"49":1,"50":1}},"/home/travis/build/npmtest/node-npmtest-waterlock/example.js":{"path":"/home/travis/build/npmtest/node-npmtest-waterlock/example.js","s":{"1":2,"2":2,"3":2,"4":2,"5":2,"6":2,"7":2,"8":1,"9":2,"10":2,"11":2,"12":2,"13":1,"14":2,"15":2,"16":2,"17":2,"18":2,"19":0,"20":2,"21":1,"22":1,"23":1,"24":1,"25":1,"26":0,"27":0,"28":1,"29":1,"30":2,"31":0,"32":0,"33":0,"34":1,"35":2,"36":2,"37":3,"38":3,"39":3,"40":3,"41":0,"42":3,"43":3,"44":3,"45":1,"46":3,"47":1,"48":1,"49":1,"50":1,"51":1,"52":1,"53":1,"54":1,"55":1,"56":1,"57":0,"58":1,"59":6,"60":6,"61":1,"62":2,"63":0,"64":2,"65":1,"66":1,"67":0,"68":0,"69":0,"70":0,"71":0,"72":0,"73":0,"74":0,"75":0,"76":0,"77":0,"78":0,"79":0,"80":0,"81":0,"82":0,"83":0},"b":{"1":[2,1,1,1],"2":[1,1,1,1],"3":[1,1],"4":[2,2],"5":[1,1],"6":[1,1],"7":[2,0],"8":[2,1,1,1,1,1],"9":[0,2,0],"10":[1,1],"11":[2,1,1],"12":[1,0],"13":[0,2],"14":[2,0,0,0,0,0,0],"15":[0,3],"16":[3,0],"17":[1,1],"18":[0,1],"19":[1,2,0,2],"20":[1,0],"21":[1,1],"22":[0,0],"23":[0,0],"24":[0,0],"25":[0,0],"26":[0,0],"27":[0,0],"28":[0,0]},"f":{"1":2,"2":2,"3":2,"4":2,"5":2,"6":2,"7":3,"8":3,"9":3,"10":1,"11":6,"12":0},"fnMap":{"1":{"name":"(anonymous_1)","line":26,"loc":{"start":{"line":26,"column":1},"end":{"line":26,"column":13}}},"2":{"name":"(anonymous_2)","line":33,"loc":{"start":{"line":33,"column":5},"end":{"line":33,"column":17}}},"3":{"name":"(anonymous_3)","line":37,"loc":{"start":{"line":37,"column":24},"end":{"line":37,"column":36}}},"4":{"name":"(anonymous_4)","line":69,"loc":{"start":{"line":69,"column":31},"end":{"line":69,"column":48}},"skip":true},"5":{"name":"(anonymous_5)","line":78,"loc":{"start":{"line":78,"column":26},"end":{"line":78,"column":45}},"skip":true},"6":{"name":"(anonymous_6)","line":123,"loc":{"start":{"line":123,"column":33},"end":{"line":123,"column":48}},"skip":true},"7":{"name":"(anonymous_7)","line":125,"loc":{"start":{"line":125,"column":27},"end":{"line":125,"column":39}},"skip":true},"8":{"name":"(anonymous_8)","line":133,"loc":{"start":{"line":133,"column":59},"end":{"line":133,"column":74}},"skip":true},"9":{"name":"(anonymous_9)","line":143,"loc":{"start":{"line":143,"column":45},"end":{"line":143,"column":62}},"skip":true},"10":{"name":"(anonymous_10)","line":144,"loc":{"start":{"line":144,"column":73},"end":{"line":144,"column":92}},"skip":true},"11":{"name":"(anonymous_11)","line":272,"loc":{"start":{"line":272,"column":51},"end":{"line":272,"column":77}},"skip":true},"12":{"name":"(anonymous_12)","line":315,"loc":{"start":{"line":315,"column":32},"end":{"line":315,"column":61}},"skip":true}},"statementMap":{"1":{"start":{"line":26,"column":0},"end":{"line":326,"column":5}},"2":{"start":{"line":28,"column":4},"end":{"line":28,"column":14}},"3":{"start":{"line":33,"column":4},"end":{"line":60,"column":9}},"4":{"start":{"line":35,"column":8},"end":{"line":35,"column":19}},"5":{"start":{"line":37,"column":8},"end":{"line":49,"column":13}},"6":{"start":{"line":38,"column":12},"end":{"line":48,"column":13}},"7":{"start":{"line":39,"column":16},"end":{"line":42,"column":30}},"8":{"start":{"line":44,"column":16},"end":{"line":47,"column":27}},"9":{"start":{"line":51,"column":8},"end":{"line":53,"column":21}},"10":{"start":{"line":55,"column":8},"end":{"line":57,"column":45}},"11":{"start":{"line":59,"column":8},"end":{"line":59,"column":35}},"12":{"start":{"line":61,"column":4},"end":{"line":325,"column":5}},"13":{"start":{"line":69,"column":8},"end":{"line":121,"column":10},"skip":true},"14":{"start":{"line":70,"column":12},"end":{"line":88,"column":13},"skip":true},"15":{"start":{"line":76,"column":16},"end":{"line":87,"column":19},"skip":true},"16":{"start":{"line":79,"column":20},"end":{"line":86,"column":21},"skip":true},"17":{"start":{"line":82,"column":24},"end":{"line":82,"column":43},"skip":true},"18":{"start":{"line":83,"column":24},"end":{"line":83,"column":30},"skip":true},"19":{"start":{"line":85,"column":24},"end":{"line":85,"column":49},"skip":true},"20":{"start":{"line":89,"column":12},"end":{"line":107,"column":13},"skip":true},"21":{"start":{"line":92,"column":16},"end":{"line":102,"column":17},"skip":true},"22":{"start":{"line":93,"column":20},"end":{"line":93,"column":86},"skip":true},"23":{"start":{"line":94,"column":20},"end":{"line":95,"column":45},"skip":true},"24":{"start":{"line":96,"column":20},"end":{"line":96,"column":42},"skip":true},"25":{"start":{"line":97,"column":20},"end":{"line":97,"column":48},"skip":true},"26":{"start":{"line":100,"column":20},"end":{"line":100,"column":85},"skip":true},"27":{"start":{"line":101,"column":20},"end":{"line":101,"column":96},"skip":true},"28":{"start":{"line":103,"column":16},"end":{"line":103,"column":22},"skip":true},"29":{"start":{"line":106,"column":16},"end":{"line":106,"column":22},"skip":true},"30":{"start":{"line":108,"column":12},"end":{"line":120,"column":13},"skip":true},"31":{"start":{"line":114,"column":16},"end":{"line":119,"column":17},"skip":true},"32":{"start":{"line":116,"column":20},"end":{"line":116,"column":78},"skip":true},"33":{"start":{"line":118,"column":20},"end":{"line":118,"column":47},"skip":true},"34":{"start":{"line":123,"column":8},"end":{"line":141,"column":11},"skip":true},"35":{"start":{"line":124,"column":12},"end":{"line":124,"column":54},"skip":true},"36":{"start":{"line":125,"column":12},"end":{"line":140,"column":14},"skip":true},"37":{"start":{"line":126,"column":16},"end":{"line":126,"column":28},"skip":true},"38":{"start":{"line":127,"column":16},"end":{"line":127,"column":69},"skip":true},"39":{"start":{"line":128,"column":16},"end":{"line":128,"column":75},"skip":true},"40":{"start":{"line":129,"column":16},"end":{"line":131,"column":17},"skip":true},"41":{"start":{"line":130,"column":20},"end":{"line":130,"column":27},"skip":true},"42":{"start":{"line":133,"column":16},"end":{"line":137,"column":36},"skip":true},"43":{"start":{"line":134,"column":20},"end":{"line":136,"column":55},"skip":true},"44":{"start":{"line":139,"column":16},"end":{"line":139,"column":57},"skip":true},"45":{"start":{"line":143,"column":8},"end":{"line":147,"column":11},"skip":true},"46":{"start":{"line":144,"column":12},"end":{"line":146,"column":15},"skip":true},"47":{"start":{"line":145,"column":16},"end":{"line":145,"column":70},"skip":true},"48":{"start":{"line":149,"column":8},"end":{"line":149,"column":31},"skip":true},"49":{"start":{"line":150,"column":8},"end":{"line":150,"column":14},"skip":true},"50":{"start":{"line":158,"column":8},"end":{"line":158,"column":31},"skip":true},"51":{"start":{"line":160,"column":8},"end":{"line":160,"column":33},"skip":true},"52":{"start":{"line":161,"column":8},"end":{"line":161,"column":37},"skip":true},"53":{"start":{"line":162,"column":8},"end":{"line":162,"column":35},"skip":true},"54":{"start":{"line":164,"column":8},"end":{"line":164,"column":50},"skip":true},"55":{"start":{"line":166,"column":8},"end":{"line":256,"column":2},"skip":true},"56":{"start":{"line":258,"column":8},"end":{"line":286,"column":9},"skip":true},"57":{"start":{"line":259,"column":12},"end":{"line":269,"column":14},"skip":true},"58":{"start":{"line":271,"column":12},"end":{"line":285,"column":19},"skip":true},"59":{"start":{"line":274,"column":20},"end":{"line":274,"column":35},"skip":true},"60":{"start":{"line":275,"column":20},"end":{"line":284,"column":21},"skip":true},"61":{"start":{"line":277,"column":24},"end":{"line":277,"column":64},"skip":true},"62":{"start":{"line":279,"column":24},"end":{"line":279,"column":40},"skip":true},"63":{"start":{"line":281,"column":24},"end":{"line":281,"column":40},"skip":true},"64":{"start":{"line":283,"column":24},"end":{"line":283,"column":39},"skip":true},"65":{"start":{"line":288,"column":8},"end":{"line":290,"column":9},"skip":true},"66":{"start":{"line":289,"column":12},"end":{"line":289,"column":18},"skip":true},"67":{"start":{"line":291,"column":8},"end":{"line":293,"column":54},"skip":true},"68":{"start":{"line":296,"column":8},"end":{"line":301,"column":37},"skip":true},"69":{"start":{"line":303,"column":8},"end":{"line":303,"column":82},"skip":true},"70":{"start":{"line":306,"column":8},"end":{"line":308,"column":9},"skip":true},"71":{"start":{"line":307,"column":12},"end":{"line":307,"column":82},"skip":true},"72":{"start":{"line":310,"column":8},"end":{"line":312,"column":9},"skip":true},"73":{"start":{"line":311,"column":12},"end":{"line":311,"column":18},"skip":true},"74":{"start":{"line":313,"column":8},"end":{"line":313,"column":54},"skip":true},"75":{"start":{"line":314,"column":8},"end":{"line":314,"column":69},"skip":true},"76":{"start":{"line":315,"column":8},"end":{"line":323,"column":36},"skip":true},"77":{"start":{"line":316,"column":12},"end":{"line":316,"column":61},"skip":true},"78":{"start":{"line":317,"column":12},"end":{"line":320,"column":13},"skip":true},"79":{"start":{"line":318,"column":16},"end":{"line":318,"column":75},"skip":true},"80":{"start":{"line":319,"column":16},"end":{"line":319,"column":23},"skip":true},"81":{"start":{"line":321,"column":12},"end":{"line":321,"column":38},"skip":true},"82":{"start":{"line":322,"column":12},"end":{"line":322,"column":27},"skip":true},"83":{"start":{"line":324,"column":8},"end":{"line":324,"column":14},"skip":true}},"branchMap":{"1":{"line":39,"type":"binary-expr","locations":[{"start":{"line":39,"column":23},"end":{"line":39,"column":62}},{"start":{"line":40,"column":20},"end":{"line":40,"column":70}},{"start":{"line":41,"column":20},"end":{"line":41,"column":71}},{"start":{"line":42,"column":20},"end":{"line":42,"column":29}}]},"2":{"line":44,"type":"binary-expr","locations":[{"start":{"line":44,"column":23},"end":{"line":44,"column":37}},{"start":{"line":45,"column":20},"end":{"line":45,"column":61}},{"start":{"line":46,"column":20},"end":{"line":46,"column":70}},{"start":{"line":47,"column":20},"end":{"line":47,"column":26}}]},"3":{"line":51,"type":"cond-expr","locations":[{"start":{"line":52,"column":14},"end":{"line":52,"column":20}},{"start":{"line":53,"column":14},"end":{"line":53,"column":20}}]},"4":{"line":55,"type":"binary-expr","locations":[{"start":{"line":55,"column":16},"end":{"line":55,"column":44}},{"start":{"line":55,"column":49},"end":{"line":57,"column":43}}]},"5":{"line":55,"type":"cond-expr","locations":[{"start":{"line":56,"column":14},"end":{"line":56,"column":53}},{"start":{"line":57,"column":14},"end":{"line":57,"column":43}}]},"6":{"line":61,"type":"switch","locations":[{"start":{"line":68,"column":4},"end":{"line":150,"column":14},"skip":true},{"start":{"line":156,"column":4},"end":{"line":324,"column":14},"skip":true}]},"7":{"line":70,"type":"if","locations":[{"start":{"line":70,"column":12},"end":{"line":70,"column":12},"skip":true},{"start":{"line":70,"column":12},"end":{"line":70,"column":12},"skip":true}]},"8":{"line":70,"type":"binary-expr","locations":[{"start":{"line":70,"column":16},"end":{"line":70,"column":22},"skip":true},{"start":{"line":70,"column":27},"end":{"line":70,"column":32},"skip":true},{"start":{"line":71,"column":20},"end":{"line":71,"column":39},"skip":true},{"start":{"line":72,"column":20},"end":{"line":72,"column":49},"skip":true},{"start":{"line":73,"column":20},"end":{"line":73,"column":58},"skip":true},{"start":{"line":74,"column":20},"end":{"line":74,"column":69},"skip":true}]},"9":{"line":79,"type":"switch","locations":[{"start":{"line":80,"column":20},"end":{"line":80,"column":33},"skip":true},{"start":{"line":81,"column":20},"end":{"line":83,"column":30},"skip":true},{"start":{"line":84,"column":20},"end":{"line":85,"column":49},"skip":true}]},"10":{"line":89,"type":"switch","locations":[{"start":{"line":90,"column":12},"end":{"line":103,"column":22},"skip":true},{"start":{"line":105,"column":12},"end":{"line":106,"column":22},"skip":true}]},"11":{"line":89,"type":"binary-expr","locations":[{"start":{"line":89,"column":20},"end":{"line":89,"column":25},"skip":true},{"start":{"line":89,"column":29},"end":{"line":89,"column":48},"skip":true},{"start":{"line":89,"column":52},"end":{"line":89,"column":74},"skip":true}]},"12":{"line":92,"type":"if","locations":[{"start":{"line":92,"column":16},"end":{"line":92,"column":16},"skip":true},{"start":{"line":92,"column":16},"end":{"line":92,"column":16},"skip":true}]},"13":{"line":108,"type":"if","locations":[{"start":{"line":108,"column":12},"end":{"line":108,"column":12},"skip":true},{"start":{"line":108,"column":12},"end":{"line":108,"column":12},"skip":true}]},"14":{"line":108,"type":"binary-expr","locations":[{"start":{"line":108,"column":16},"end":{"line":108,"column":61},"skip":true},{"start":{"line":108,"column":66},"end":{"line":108,"column":72},"skip":true},{"start":{"line":108,"column":77},"end":{"line":108,"column":82},"skip":true},{"start":{"line":109,"column":20},"end":{"line":109,"column":39},"skip":true},{"start":{"line":110,"column":20},"end":{"line":110,"column":49},"skip":true},{"start":{"line":111,"column":20},"end":{"line":111,"column":58},"skip":true},{"start":{"line":112,"column":20},"end":{"line":112,"column":68},"skip":true}]},"15":{"line":129,"type":"if","locations":[{"start":{"line":129,"column":16},"end":{"line":129,"column":16},"skip":true},{"start":{"line":129,"column":16},"end":{"line":129,"column":16},"skip":true}]},"16":{"line":134,"type":"cond-expr","locations":[{"start":{"line":135,"column":26},"end":{"line":135,"column":29},"skip":true},{"start":{"line":136,"column":26},"end":{"line":136,"column":54},"skip":true}]},"17":{"line":164,"type":"binary-expr","locations":[{"start":{"line":164,"column":27},"end":{"line":164,"column":43},"skip":true},{"start":{"line":164,"column":47},"end":{"line":164,"column":49},"skip":true}]},"18":{"line":258,"type":"if","locations":[{"start":{"line":258,"column":8},"end":{"line":258,"column":8},"skip":true},{"start":{"line":258,"column":8},"end":{"line":258,"column":8},"skip":true}]},"19":{"line":275,"type":"switch","locations":[{"start":{"line":276,"column":20},"end":{"line":277,"column":64},"skip":true},{"start":{"line":278,"column":20},"end":{"line":279,"column":40},"skip":true},{"start":{"line":280,"column":20},"end":{"line":281,"column":40},"skip":true},{"start":{"line":282,"column":20},"end":{"line":283,"column":39},"skip":true}]},"20":{"line":288,"type":"if","locations":[{"start":{"line":288,"column":8},"end":{"line":288,"column":8},"skip":true},{"start":{"line":288,"column":8},"end":{"line":288,"column":8},"skip":true}]},"21":{"line":288,"type":"binary-expr","locations":[{"start":{"line":288,"column":12},"end":{"line":288,"column":40},"skip":true},{"start":{"line":288,"column":44},"end":{"line":288,"column":67},"skip":true}]},"22":{"line":292,"type":"binary-expr","locations":[{"start":{"line":292,"column":12},"end":{"line":292,"column":50},"skip":true},{"start":{"line":293,"column":12},"end":{"line":293,"column":53},"skip":true}]},"23":{"line":297,"type":"binary-expr","locations":[{"start":{"line":297,"column":12},"end":{"line":297,"column":67},"skip":true},{"start":{"line":298,"column":12},"end":{"line":301,"column":36},"skip":true}]},"24":{"line":303,"type":"binary-expr","locations":[{"start":{"line":303,"column":43},"end":{"line":303,"column":75},"skip":true},{"start":{"line":303,"column":79},"end":{"line":303,"column":81},"skip":true}]},"25":{"line":306,"type":"if","locations":[{"start":{"line":306,"column":8},"end":{"line":306,"column":8},"skip":true},{"start":{"line":306,"column":8},"end":{"line":306,"column":8},"skip":true}]},"26":{"line":310,"type":"if","locations":[{"start":{"line":310,"column":8},"end":{"line":310,"column":8},"skip":true},{"start":{"line":310,"column":8},"end":{"line":310,"column":8},"skip":true}]},"27":{"line":313,"type":"binary-expr","locations":[{"start":{"line":313,"column":27},"end":{"line":313,"column":43},"skip":true},{"start":{"line":313,"column":47},"end":{"line":313,"column":53},"skip":true}]},"28":{"line":317,"type":"if","locations":[{"start":{"line":317,"column":12},"end":{"line":317,"column":12},"skip":true},{"start":{"line":317,"column":12},"end":{"line":317,"column":12},"skip":true}]}},"code":["/*","example.js","","quickstart example","","instruction","    1. save this script as example.js","    2. run the shell command:","        $ npm install npmtest-waterlock && PORT=8081 node example.js","    3. play with the browser-demo on http://127.0.0.1:8081","*/","","","","/* istanbul instrument in package npmtest_waterlock */","/*jslint","    bitwise: true,","    browser: true,","    maxerr: 8,","    maxlen: 96,","    node: true,","    nomen: true,","    regexp: true,","    stupid: true","*/","(function () {","    'use strict';","    var local;","","","","    // run shared js-env code - init-before","    (function () {","        // init local","        local = {};","        // init modeJs","        local.modeJs = (function () {","            try {","                return typeof navigator.userAgent === 'string' &&","                    typeof document.querySelector('body') === 'object' &&","                    typeof XMLHttpRequest.prototype.open === 'function' &&","                    'browser';","            } catch (errorCaughtBrowser) {","                return module.exports &&","                    typeof process.versions.node === 'string' &&","                    typeof require('http').createServer === 'function' &&","                    'node';","            }","        }());","        // init global","        local.global = local.modeJs === 'browser'","            ? window","            : global;","        // init utility2_rollup","        local = local.global.utility2_rollup || (local.modeJs === 'browser'","            ? local.global.utility2_npmtest_waterlock","            : global.utility2_moduleExports);","        // export local","        local.global.local = local;","    }());","    switch (local.modeJs) {","","","","    // init-after","    // run browser js-env code - init-after","    /* istanbul ignore next */","    case 'browser':","        local.testRunBrowser = function (event) {","            if (!event || (event &&","                    event.currentTarget &&","                    event.currentTarget.className &&","                    event.currentTarget.className.includes &&","                    event.currentTarget.className.includes('onreset'))) {","                // reset output","                Array.from(","                    document.querySelectorAll('body > .resettable')","                ).forEach(function (element) {","                    switch (element.tagName) {","                    case 'INPUT':","                    case 'TEXTAREA':","                        element.value = '';","                        break;","                    default:","                        element.textContent = '';","                    }","                });","            }","            switch (event && event.currentTarget && event.currentTarget.id) {","            case 'testRunButton1':","                // show tests","                if (document.querySelector('#testReportDiv1').style.display === 'none') {","                    document.querySelector('#testReportDiv1').style.display = 'block';","                    document.querySelector('#testRunButton1').textContent =","                        'hide internal test';","                    local.modeTest = true;","                    local.testRunDefault(local);","                // hide tests","                } else {","                    document.querySelector('#testReportDiv1').style.display = 'none';","                    document.querySelector('#testRunButton1').textContent = 'run internal test';","                }","                break;","            // custom-case","            default:","                break;","            }","            if (document.querySelector('#inputTextareaEval1') && (!event || (event &&","                    event.currentTarget &&","                    event.currentTarget.className &&","                    event.currentTarget.className.includes &&","                    event.currentTarget.className.includes('oneval')))) {","                // try to eval input-code","                try {","                    /*jslint evil: true*/","                    eval(document.querySelector('#inputTextareaEval1').value);","                } catch (errorCaught) {","                    console.error(errorCaught);","                }","            }","        };","        // log stderr and stdout to #outputTextareaStdout1","        ['error', 'log'].forEach(function (key) {","            console[key + '_original'] = console[key];","            console[key] = function () {","                var element;","                console[key + '_original'].apply(console, arguments);","                element = document.querySelector('#outputTextareaStdout1');","                if (!element) {","                    return;","                }","                // append text to #outputTextareaStdout1","                element.value += Array.from(arguments).map(function (arg) {","                    return typeof arg === 'string'","                        ? arg","                        : JSON.stringify(arg, null, 4);","                }).join(' ') + '\\n';","                // scroll textarea to bottom","                element.scrollTop = element.scrollHeight;","            };","        });","        // init event-handling","        ['change', 'click', 'keyup'].forEach(function (event) {","            Array.from(document.querySelectorAll('.on' + event)).forEach(function (element) {","                element.addEventListener(event, local.testRunBrowser);","            });","        });","        // run tests","        local.testRunBrowser();","        break;","","","","    // run node js-env code - init-after","    /* istanbul ignore next */","    case 'node':","        // export local","        module.exports = local;","        // require modules","        local.fs = require('fs');","        local.http = require('http');","        local.url = require('url');","        // init assets","        local.assetsDict = local.assetsDict || {};","        /* jslint-ignore-begin */","        local.assetsDict['/assets.index.template.html'] = '\\","<!doctype html>\\n\\","<html lang=\"en\">\\n\\","<head>\\n\\","<meta charset=\"UTF-8\">\\n\\","<meta name=\"viewport\" content=\"width=device-width, initial-scale=1\">\\n\\","<title>{{env.npm_package_name}} (v{{env.npm_package_version}})</title>\\n\\","<style>\\n\\","/*csslint\\n\\","    box-sizing: false,\\n\\","    universal-selector: false\\n\\","*/\\n\\","* {\\n\\","    box-sizing: border-box;\\n\\","}\\n\\","body {\\n\\","    background: #dde;\\n\\","    font-family: Arial, Helvetica, sans-serif;\\n\\","    margin: 2rem;\\n\\","}\\n\\","body > * {\\n\\","    margin-bottom: 1rem;\\n\\","}\\n\\",".utility2FooterDiv {\\n\\","    margin-top: 20px;\\n\\","    text-align: center;\\n\\","}\\n\\","</style>\\n\\","<style>\\n\\","/*csslint\\n\\","*/\\n\\","textarea {\\n\\","    font-family: monospace;\\n\\","    height: 10rem;\\n\\","    width: 100%;\\n\\","}\\n\\","textarea[readonly] {\\n\\","    background: #ddd;\\n\\","}\\n\\","</style>\\n\\","</head>\\n\\","<body>\\n\\","<!-- utility2-comment\\n\\","<div id=\"ajaxProgressDiv1\" style=\"background: #d00; height: 2px; left: 0; margin: 0; padding: 0; position: fixed; top: 0; transition: background 0.5s, width 1.5s; width: 25%;\"></div>\\n\\","utility2-comment -->\\n\\","<h1>\\n\\","<!-- utility2-comment\\n\\","    <a\\n\\","        {{#if env.npm_package_homepage}}\\n\\","        href=\"{{env.npm_package_homepage}}\"\\n\\","        {{/if env.npm_package_homepage}}\\n\\","        target=\"_blank\"\\n\\","    >\\n\\","utility2-comment -->\\n\\","        {{env.npm_package_name}} (v{{env.npm_package_version}})\\n\\","<!-- utility2-comment\\n\\","    </a>\\n\\","utility2-comment -->\\n\\","</h1>\\n\\","<h3>{{env.npm_package_description}}</h3>\\n\\","<!-- utility2-comment\\n\\","<h4><a download href=\"assets.app.js\">download standalone app</a></h4>\\n\\","<button class=\"onclick onreset\" id=\"testRunButton1\">run internal test</button><br>\\n\\","<div id=\"testReportDiv1\" style=\"display: none;\"></div>\\n\\","utility2-comment -->\\n\\","\\n\\","\\n\\","\\n\\","<label>stderr and stdout</label>\\n\\","<textarea class=\"resettable\" id=\"outputTextareaStdout1\" readonly></textarea>\\n\\","<!-- utility2-comment\\n\\","{{#if isRollup}}\\n\\","<script src=\"assets.app.js\"></script>\\n\\","{{#unless isRollup}}\\n\\","utility2-comment -->\\n\\","<script src=\"assets.utility2.rollup.js\"></script>\\n\\","<script src=\"jsonp.utility2._stateInit?callback=window.utility2._stateInit\"></script>\\n\\","<script src=\"assets.npmtest_waterlock.rollup.js\"></script>\\n\\","<script src=\"assets.example.js\"></script>\\n\\","<script src=\"assets.test.js\"></script>\\n\\","<!-- utility2-comment\\n\\","{{/if isRollup}}\\n\\","utility2-comment -->\\n\\","<div class=\"utility2FooterDiv\">\\n\\","    [ this app was created with\\n\\","    <a href=\"https://github.com/kaizhu256/node-utility2\" target=\"_blank\">utility2</a>\\n\\","    ]\\n\\","</div>\\n\\","</body>\\n\\","</html>\\n\\","';","        /* jslint-ignore-end */","        if (local.templateRender) {","            local.assetsDict['/'] = local.templateRender(","                local.assetsDict['/assets.index.template.html'],","                {","                    env: local.objectSetDefault(local.env, {","                        npm_package_description: 'the greatest app in the world!',","                        npm_package_name: 'my-app',","                        npm_package_nameAlias: 'my_app',","                        npm_package_version: '0.0.1'","                    })","                }","            );","        } else {","            local.assetsDict['/'] = local.assetsDict['/assets.index.template.html']","                .replace((/\\{\\{env\\.(\\w+?)\\}\\}/g), function (match0, match1) {","                    // jslint-hack","                    String(match0);","                    switch (match1) {","                    case 'npm_package_description':","                        return 'the greatest app in the world!';","                    case 'npm_package_name':","                        return 'my-app';","                    case 'npm_package_nameAlias':","                        return 'my_app';","                    case 'npm_package_version':","                        return '0.0.1';","                    }","                });","        }","        // run the cli","        if (local.global.utility2_rollup || module !== require.main) {","            break;","        }","        local.assetsDict['/assets.example.js'] =","            local.assetsDict['/assets.example.js'] ||","            local.fs.readFileSync(__filename, 'utf8');","        // bug-workaround - long $npm_package_buildCustomOrg","        /* jslint-ignore-begin */","        local.assetsDict['/assets.npmtest_waterlock.rollup.js'] =","            local.assetsDict['/assets.npmtest_waterlock.rollup.js'] ||","            local.fs.readFileSync(","                local.npmtest_waterlock.__dirname + '/lib.npmtest_waterlock.js',","                'utf8'","            ).replace((/^#!/), '//');","        /* jslint-ignore-end */","        local.assetsDict['/favicon.ico'] = local.assetsDict['/favicon.ico'] || '';","        // if $npm_config_timeout_exit exists,","        // then exit this process after $npm_config_timeout_exit ms","        if (Number(process.env.npm_config_timeout_exit)) {","            setTimeout(process.exit, Number(process.env.npm_config_timeout_exit));","        }","        // start server","        if (local.global.utility2_serverHttp1) {","            break;","        }","        process.env.PORT = process.env.PORT || '8081';","        console.error('server starting on port ' + process.env.PORT);","        local.http.createServer(function (request, response) {","            request.urlParsed = local.url.parse(request.url);","            if (local.assetsDict[request.urlParsed.pathname] !== undefined) {","                response.end(local.assetsDict[request.urlParsed.pathname]);","                return;","            }","            response.statusCode = 404;","            response.end();","        }).listen(process.env.PORT);","        break;","    }","}());",""],"l":{"26":2,"28":2,"33":2,"35":2,"37":2,"38":2,"39":2,"44":1,"51":2,"55":2,"59":2,"61":2,"69":1,"70":2,"76":2,"79":2,"82":2,"83":2,"85":1,"89":2,"92":1,"93":1,"94":1,"96":1,"97":1,"100":1,"101":1,"103":1,"106":1,"108":2,"114":1,"116":1,"118":1,"123":1,"124":2,"125":2,"126":3,"127":3,"128":3,"129":3,"130":1,"133":3,"134":3,"139":3,"143":1,"144":3,"145":1,"149":1,"150":1,"158":1,"160":1,"161":1,"162":1,"164":1,"166":1,"258":1,"259":1,"271":1,"274":6,"275":6,"277":1,"279":2,"281":1,"283":2,"288":1,"289":1,"291":1,"296":1,"303":1,"306":1,"307":1,"310":1,"311":1,"313":1,"314":1,"315":1,"316":1,"317":1,"318":1,"319":1,"321":1,"322":1,"324":1}},"/home/travis/build/npmtest/node-npmtest-waterlock/node_modules/waterlock/index.js":{"path":"/home/travis/build/npmtest/node-npmtest-waterlock/node_modules/waterlock/index.js","s":{"1":18},"b":{},"f":{},"fnMap":{},"statementMap":{"1":{"start":{"line":6,"column":0},"end":{"line":6,"column":34}}},"branchMap":{},"code":["/**"," * waterlock"," * Copyright(c) 2014 David Rivera <david.r.rivera193@gmail.com>"," * MIT Licensed"," */","module.exports = require('./lib'); "],"l":{"6":18}},"/home/travis/build/npmtest/node-npmtest-waterlock/node_modules/waterlock/lib/index.js":{"path":"/home/travis/build/npmtest/node-npmtest-waterlock/node_modules/waterlock/lib/index.js","s":{"1":20,"2":0,"3":0,"4":0},"b":{"1":[0,0]},"f":{},"fnMap":{},"statementMap":{"1":{"start":{"line":3,"column":0},"end":{"line":3,"column":39}},"2":{"start":{"line":7,"column":0},"end":{"line":9,"column":1}},"3":{"start":{"line":8,"column":2},"end":{"line":8,"column":37}},"4":{"start":{"line":12,"column":0},"end":{"line":12,"column":34}}},"branchMap":{"1":{"line":7,"type":"if","locations":[{"start":{"line":7,"column":0},"end":{"line":7,"column":0}},{"start":{"line":7,"column":0},"end":{"line":7,"column":0}}]}},"code":["'use strict';","","var Waterlock = require('./waterlock');","","// check if waterlock is already attached","// if not create a new instance ","if(!global.hasOwnProperty('waterlock')){","  global.waterlock = new Waterlock(); ","}","","// EXPORT IT!","module.exports = global.waterlock;"],"l":{"3":20,"7":0,"8":0,"12":0}},"/home/travis/build/npmtest/node-npmtest-waterlock/node_modules/waterlock/lib/waterlock.js":{"path":"/home/travis/build/npmtest/node-npmtest-waterlock/node_modules/waterlock/lib/waterlock.js","s":{"1":20,"2":20,"3":20,"4":20,"5":1,"6":0,"7":0,"8":0,"9":0,"10":0,"11":0,"12":0,"13":0,"14":0,"15":0,"16":20,"17":20,"18":0,"19":20,"20":0,"21":20,"22":0,"23":20,"24":0,"25":20,"26":0,"27":20,"28":0,"29":20,"30":20,"31":20,"32":20,"33":20,"34":20,"35":20,"36":0,"37":0},"b":{},"f":{"1":0,"2":0,"3":0,"4":0,"5":0,"6":0,"7":0},"fnMap":{"1":{"name":"Waterlock","line":12,"loc":{"start":{"line":12,"column":0},"end":{"line":12,"column":20}}},"2":{"name":"(anonymous_2)","line":33,"loc":{"start":{"line":33,"column":45},"end":{"line":33,"column":55}}},"3":{"name":"(anonymous_3)","line":37,"loc":{"start":{"line":37,"column":45},"end":{"line":37,"column":55}}},"4":{"name":"(anonymous_4)","line":41,"loc":{"start":{"line":41,"column":48},"end":{"line":41,"column":58}}},"5":{"name":"(anonymous_5)","line":45,"loc":{"start":{"line":45,"column":44},"end":{"line":45,"column":54}}},"6":{"name":"(anonymous_6)","line":49,"loc":{"start":{"line":49,"column":44},"end":{"line":49,"column":54}}},"7":{"name":"(anonymous_7)","line":53,"loc":{"start":{"line":53,"column":52},"end":{"line":53,"column":62}}}},"statementMap":{"1":{"start":{"line":3,"column":0},"end":{"line":3,"column":26}},"2":{"start":{"line":4,"column":0},"end":{"line":4,"column":27}},"3":{"start":{"line":5,"column":0},"end":{"line":5,"column":31}},"4":{"start":{"line":7,"column":0},"end":{"line":7,"column":27}},"5":{"start":{"line":12,"column":0},"end":{"line":29,"column":1}},"6":{"start":{"line":13,"column":2},"end":{"line":13,"column":33}},"7":{"start":{"line":15,"column":2},"end":{"line":15,"column":33}},"8":{"start":{"line":17,"column":2},"end":{"line":17,"column":48}},"9":{"start":{"line":18,"column":2},"end":{"line":18,"column":48}},"10":{"start":{"line":19,"column":2},"end":{"line":19,"column":59}},"11":{"start":{"line":20,"column":2},"end":{"line":20,"column":48}},"12":{"start":{"line":21,"column":2},"end":{"line":21,"column":49}},"13":{"start":{"line":22,"column":2},"end":{"line":22,"column":47}},"14":{"start":{"line":26,"column":2},"end":{"line":26,"column":42}},"15":{"start":{"line":28,"column":2},"end":{"line":28,"column":51}},"16":{"start":{"line":31,"column":0},"end":{"line":31,"column":46}},"17":{"start":{"line":33,"column":0},"end":{"line":35,"column":3}},"18":{"start":{"line":34,"column":2},"end":{"line":34,"column":35}},"19":{"start":{"line":37,"column":0},"end":{"line":39,"column":3}},"20":{"start":{"line":38,"column":2},"end":{"line":38,"column":35}},"21":{"start":{"line":41,"column":0},"end":{"line":43,"column":3}},"22":{"start":{"line":42,"column":2},"end":{"line":42,"column":38}},"23":{"start":{"line":45,"column":0},"end":{"line":47,"column":3}},"24":{"start":{"line":46,"column":2},"end":{"line":46,"column":34}},"25":{"start":{"line":49,"column":0},"end":{"line":51,"column":3}},"26":{"start":{"line":50,"column":2},"end":{"line":50,"column":34}},"27":{"start":{"line":53,"column":0},"end":{"line":55,"column":3}},"28":{"start":{"line":54,"column":2},"end":{"line":54,"column":34}},"29":{"start":{"line":57,"column":0},"end":{"line":57,"column":49}},"30":{"start":{"line":59,"column":0},"end":{"line":59,"column":49}},"31":{"start":{"line":61,"column":0},"end":{"line":61,"column":51}},"32":{"start":{"line":63,"column":0},"end":{"line":63,"column":49}},"33":{"start":{"line":65,"column":0},"end":{"line":65,"column":55}},"34":{"start":{"line":67,"column":0},"end":{"line":67,"column":48}},"35":{"start":{"line":69,"column":0},"end":{"line":69,"column":49}},"36":{"start":{"line":71,"column":0},"end":{"line":71,"column":47}},"37":{"start":{"line":73,"column":0},"end":{"line":73,"column":55}}},"branchMap":{},"code":["'use strict';","","var _ = require('lodash');","var util = require('util');","var events = require('events');","","module.exports = Waterlock;","","/**"," * Creates a waterlock instance"," */","function Waterlock(){","  events.EventEmitter.call(this);","","  this.sails      = global.sails; ","","  this.engine     = _.bind(this.engine, this)();","  this.config     = _.bind(this.config, this)();","  this.methods    = _.bind(this.methods, this)().collect();","  this.models     = _.bind(this.models, this)();","  this.actions    = _.bind(this.actions, this)();","  this.cycle      = _.bind(this.cycle, this)();","","  // expose jwt so the implementing ","  // app doesn't need to require it.","  this.jwt        = require('jwt-simple');","","  this.validator  = _.bind(this.validator, this)();","}","","util.inherits(Waterlock, events.EventEmitter);","","Waterlock.prototype.__defineGetter__('Auth', function(){","  return this.sails.models['auth'];","});","","Waterlock.prototype.__defineGetter__('User', function(){","  return this.sails.models['user'];","});","","Waterlock.prototype.__defineGetter__('Attempt', function(){","  return this.sails.models['attempt'];","});","","Waterlock.prototype.__defineGetter__('Use', function(){","  return this.sails.models['use'];","});","","Waterlock.prototype.__defineGetter__('Jwt', function(){","  return this.sails.models['jwt'];","});","","Waterlock.prototype.__defineGetter__('waterlocked', function(){","  return this.actions.waterlocked;","});","","Waterlock.prototype.engine = require('./engine');","","Waterlock.prototype.config = require('./config');","","Waterlock.prototype.methods = require('./methods');","","Waterlock.prototype.models = require('./models');","","Waterlock.prototype.actions = require('./controllers');","","Waterlock.prototype._utils = require('./utils');","","Waterlock.prototype.logger = require('./logger');","","Waterlock.prototype.cycle = require('./cycle');","","Waterlock.prototype.validator = require('./validator');"],"l":{"3":20,"4":20,"5":20,"7":20,"12":1,"13":0,"15":0,"17":0,"18":0,"19":0,"20":0,"21":0,"22":0,"26":0,"28":0,"31":20,"33":20,"34":0,"37":20,"38":0,"41":20,"42":0,"45":20,"46":0,"49":20,"50":0,"53":20,"54":0,"57":20,"59":20,"61":20,"63":20,"65":20,"67":20,"69":20,"71":0,"73":0}},"/home/travis/build/npmtest/node-npmtest-waterlock/node_modules/waterlock/lib/engine.js":{"path":"/home/travis/build/npmtest/node-npmtest-waterlock/node_modules/waterlock/lib/engine.js","s":{"1":1,"2":0,"3":0,"4":0,"5":0,"6":0,"7":0,"8":0,"9":0,"10":0,"11":0,"12":0,"13":0,"14":0,"15":0,"16":0,"17":0,"18":0,"19":0,"20":0,"21":0,"22":0,"23":0,"24":0,"25":0,"26":0,"27":0,"28":0,"29":0,"30":0,"31":0,"32":0,"33":0,"34":0,"35":0,"36":0,"37":0,"38":0,"39":0,"40":0,"41":0,"42":0,"43":0,"44":0,"45":0,"46":0,"47":0,"48":0,"49":0,"50":0,"51":0,"52":0,"53":0,"54":0,"55":0,"56":0,"57":0,"58":0,"59":0,"60":0,"61":0,"62":0,"63":0,"64":0,"65":0,"66":0},"b":{"1":[0,0],"2":[0,0],"3":[0,0],"4":[0,0],"5":[0,0],"6":[0,0],"7":[0,0],"8":[0,0],"9":[0,0],"10":[0,0],"11":[0,0],"12":[0,0],"13":[0,0],"14":[0,0],"15":[0,0]},"f":{"1":0,"2":0,"3":0,"4":0,"5":0,"6":0,"7":0,"8":0,"9":0,"10":0,"11":0,"12":0,"13":0,"14":0,"15":0,"16":0},"fnMap":{"1":{"name":"(anonymous_1)","line":9,"loc":{"start":{"line":9,"column":17},"end":{"line":9,"column":27}}},"2":{"name":"(anonymous_2)","line":22,"loc":{"start":{"line":22,"column":14},"end":{"line":22,"column":36}}},"3":{"name":"(anonymous_3)","line":25,"loc":{"start":{"line":25,"column":12},"end":{"line":25,"column":31}}},"4":{"name":"(anonymous_4)","line":39,"loc":{"start":{"line":39,"column":23},"end":{"line":39,"column":41}}},"5":{"name":"(anonymous_5)","line":44,"loc":{"start":{"line":44,"column":51},"end":{"line":44,"column":70}}},"6":{"name":"(anonymous_6)","line":51,"loc":{"start":{"line":51,"column":62},"end":{"line":51,"column":81}}},"7":{"name":"(anonymous_7)","line":65,"loc":{"start":{"line":65,"column":67},"end":{"line":65,"column":77}}},"8":{"name":"(anonymous_8)","line":82,"loc":{"start":{"line":82,"column":22},"end":{"line":82,"column":56}}},"9":{"name":"(anonymous_9)","line":85,"loc":{"start":{"line":85,"column":12},"end":{"line":85,"column":34}}},"10":{"name":"(anonymous_10)","line":92,"loc":{"start":{"line":92,"column":14},"end":{"line":92,"column":33}}},"11":{"name":"(anonymous_11)","line":112,"loc":{"start":{"line":112,"column":22},"end":{"line":112,"column":52}}},"12":{"name":"(anonymous_12)","line":116,"loc":{"start":{"line":116,"column":43},"end":{"line":116,"column":62}}},"13":{"name":"(anonymous_13)","line":125,"loc":{"start":{"line":125,"column":49},"end":{"line":125,"column":68}}},"14":{"name":"(anonymous_14)","line":133,"loc":{"start":{"line":133,"column":25},"end":{"line":133,"column":38}}},"15":{"name":"(anonymous_15)","line":161,"loc":{"start":{"line":161,"column":17},"end":{"line":161,"column":31}}},"16":{"name":"(anonymous_16)","line":181,"loc":{"start":{"line":181,"column":17},"end":{"line":181,"column":43}}}},"statementMap":{"1":{"start":{"line":9,"column":0},"end":{"line":194,"column":2}},"2":{"start":{"line":10,"column":1},"end":{"line":10,"column":22}},"3":{"start":{"line":12,"column":1},"end":{"line":193,"column":3}},"4":{"start":{"line":23,"column":6},"end":{"line":23,"column":22}},"5":{"start":{"line":24,"column":6},"end":{"line":27,"column":9}},"6":{"start":{"line":26,"column":8},"end":{"line":26,"column":40}},"7":{"start":{"line":40,"column":6},"end":{"line":40,"column":22}},"8":{"start":{"line":43,"column":6},"end":{"line":69,"column":7}},"9":{"start":{"line":44,"column":8},"end":{"line":60,"column":11}},"10":{"start":{"line":45,"column":10},"end":{"line":48,"column":11}},"11":{"start":{"line":46,"column":12},"end":{"line":46,"column":40}},"12":{"start":{"line":47,"column":12},"end":{"line":47,"column":27}},"13":{"start":{"line":51,"column":10},"end":{"line":59,"column":13}},"14":{"start":{"line":52,"column":12},"end":{"line":55,"column":13}},"15":{"start":{"line":53,"column":14},"end":{"line":53,"column":42}},"16":{"start":{"line":54,"column":14},"end":{"line":54,"column":29}},"17":{"start":{"line":57,"column":12},"end":{"line":57,"column":37}},"18":{"start":{"line":58,"column":12},"end":{"line":58,"column":26}},"19":{"start":{"line":64,"column":8},"end":{"line":66,"column":9}},"20":{"start":{"line":65,"column":10},"end":{"line":65,"column":81}},"21":{"start":{"line":68,"column":8},"end":{"line":68,"column":41}},"22":{"start":{"line":83,"column":6},"end":{"line":83,"column":22}},"23":{"start":{"line":84,"column":6},"end":{"line":100,"column":9}},"24":{"start":{"line":86,"column":8},"end":{"line":89,"column":9}},"25":{"start":{"line":87,"column":10},"end":{"line":87,"column":38}},"26":{"start":{"line":88,"column":10},"end":{"line":88,"column":25}},"27":{"start":{"line":91,"column":8},"end":{"line":99,"column":11}},"28":{"start":{"line":93,"column":10},"end":{"line":96,"column":11}},"29":{"start":{"line":94,"column":12},"end":{"line":94,"column":40}},"30":{"start":{"line":95,"column":12},"end":{"line":95,"column":27}},"31":{"start":{"line":98,"column":10},"end":{"line":98,"column":43}},"32":{"start":{"line":113,"column":6},"end":{"line":113,"column":22}},"33":{"start":{"line":114,"column":6},"end":{"line":114,"column":32}},"34":{"start":{"line":116,"column":6},"end":{"line":151,"column":9}},"35":{"start":{"line":117,"column":8},"end":{"line":120,"column":9}},"36":{"start":{"line":118,"column":10},"end":{"line":118,"column":38}},"37":{"start":{"line":119,"column":10},"end":{"line":119,"column":25}},"38":{"start":{"line":122,"column":8},"end":{"line":150,"column":9}},"39":{"start":{"line":123,"column":10},"end":{"line":123,"column":34}},"40":{"start":{"line":125,"column":10},"end":{"line":146,"column":13}},"41":{"start":{"line":126,"column":12},"end":{"line":129,"column":13}},"42":{"start":{"line":127,"column":14},"end":{"line":127,"column":42}},"43":{"start":{"line":128,"column":14},"end":{"line":128,"column":29}},"44":{"start":{"line":132,"column":12},"end":{"line":144,"column":13}},"45":{"start":{"line":133,"column":15},"end":{"line":140,"column":17}},"46":{"start":{"line":134,"column":16},"end":{"line":137,"column":17}},"47":{"start":{"line":135,"column":18},"end":{"line":135,"column":46}},"48":{"start":{"line":136,"column":18},"end":{"line":136,"column":33}},"49":{"start":{"line":138,"column":16},"end":{"line":138,"column":33}},"50":{"start":{"line":139,"column":16},"end":{"line":139,"column":30}},"51":{"start":{"line":142,"column":14},"end":{"line":142,"column":31}},"52":{"start":{"line":143,"column":14},"end":{"line":143,"column":28}},"53":{"start":{"line":149,"column":10},"end":{"line":149,"column":57}},"54":{"start":{"line":163,"column":6},"end":{"line":165,"column":7}},"55":{"start":{"line":164,"column":8},"end":{"line":164,"column":20}},"56":{"start":{"line":167,"column":6},"end":{"line":167,"column":24}},"57":{"start":{"line":168,"column":6},"end":{"line":168,"column":24}},"58":{"start":{"line":169,"column":6},"end":{"line":169,"column":20}},"59":{"start":{"line":170,"column":6},"end":{"line":170,"column":15}},"60":{"start":{"line":182,"column":6},"end":{"line":182,"column":26}},"61":{"start":{"line":183,"column":6},"end":{"line":190,"column":7}},"62":{"start":{"line":184,"column":8},"end":{"line":189,"column":9}},"63":{"start":{"line":185,"column":10},"end":{"line":188,"column":11}},"64":{"start":{"line":186,"column":12},"end":{"line":186,"column":40}},"65":{"start":{"line":187,"column":12},"end":{"line":187,"column":27}},"66":{"start":{"line":191,"column":6},"end":{"line":191,"column":21}}},"branchMap":{"1":{"line":43,"type":"if","locations":[{"start":{"line":43,"column":6},"end":{"line":43,"column":6}},{"start":{"line":43,"column":6},"end":{"line":43,"column":6}}]},"2":{"line":45,"type":"if","locations":[{"start":{"line":45,"column":10},"end":{"line":45,"column":10}},{"start":{"line":45,"column":10},"end":{"line":45,"column":10}}]},"3":{"line":52,"type":"if","locations":[{"start":{"line":52,"column":12},"end":{"line":52,"column":12}},{"start":{"line":52,"column":12},"end":{"line":52,"column":12}}]},"4":{"line":64,"type":"if","locations":[{"start":{"line":64,"column":8},"end":{"line":64,"column":8}},{"start":{"line":64,"column":8},"end":{"line":64,"column":8}}]},"5":{"line":86,"type":"if","locations":[{"start":{"line":86,"column":8},"end":{"line":86,"column":8}},{"start":{"line":86,"column":8},"end":{"line":86,"column":8}}]},"6":{"line":93,"type":"if","locations":[{"start":{"line":93,"column":10},"end":{"line":93,"column":10}},{"start":{"line":93,"column":10},"end":{"line":93,"column":10}}]},"7":{"line":117,"type":"if","locations":[{"start":{"line":117,"column":8},"end":{"line":117,"column":8}},{"start":{"line":117,"column":8},"end":{"line":117,"column":8}}]},"8":{"line":122,"type":"if","locations":[{"start":{"line":122,"column":8},"end":{"line":122,"column":8}},{"start":{"line":122,"column":8},"end":{"line":122,"column":8}}]},"9":{"line":126,"type":"if","locations":[{"start":{"line":126,"column":12},"end":{"line":126,"column":12}},{"start":{"line":126,"column":12},"end":{"line":126,"column":12}}]},"10":{"line":132,"type":"if","locations":[{"start":{"line":132,"column":12},"end":{"line":132,"column":12}},{"start":{"line":132,"column":12},"end":{"line":132,"column":12}}]},"11":{"line":134,"type":"if","locations":[{"start":{"line":134,"column":16},"end":{"line":134,"column":16}},{"start":{"line":134,"column":16},"end":{"line":134,"column":16}}]},"12":{"line":163,"type":"if","locations":[{"start":{"line":163,"column":6},"end":{"line":163,"column":6}},{"start":{"line":163,"column":6},"end":{"line":163,"column":6}}]},"13":{"line":163,"type":"binary-expr","locations":[{"start":{"line":163,"column":9},"end":{"line":163,"column":14}},{"start":{"line":163,"column":18},"end":{"line":163,"column":28}}]},"14":{"line":184,"type":"if","locations":[{"start":{"line":184,"column":8},"end":{"line":184,"column":8}},{"start":{"line":184,"column":8},"end":{"line":184,"column":8}}]},"15":{"line":185,"type":"if","locations":[{"start":{"line":185,"column":10},"end":{"line":185,"column":10}},{"start":{"line":185,"column":10},"end":{"line":185,"column":10}}]}},"code":["'use strict';","","/**"," * This engine is responsible for "," * finding, creating and updating auth objects"," * "," * @return {Object} engine functions"," */","module.exports = function(){","\tvar waterlock = this;","  ","\treturn {","","    /**","     * Simple wrapper for Auth find/populate method","     * ","     * @param  {Object}   criteria should be id to find the auth by","     * @param  {Function} cb         function to be called when the auth has been","     *                               found or an error has occurred ","     * @api public                          ","     */","    findAuth: function(criteria, cb){","      var self = this;","      waterlock.Auth.findOne(criteria).populate('user')","      .exec(function(err, auth){","        cb(err, self._invertAuth(auth));","      });","    },","","    /**","     * This will create a user and auth object if one is not found","     * ","     * @param  {Object}   criteria   should be id to find the auth by","     * @param  {Object}   attributes auth attributes","     * @param  {Function} cb         function to be called when the auth has been","     *                               found or an error has occurred ","     * @api private","     */","    _attachAuthToUser: function(auth, cb){","      var self = this;","","      // create the user","      if(!auth.user){","        waterlock.User.create({auth:auth.id}).exec(function(err, user){","          if(err){","            waterlock.logger.debug(err);","            return cb(err);","          }","","          // update the auth object","          waterlock.Auth.update(auth.id, {user:user.id}).exec(function(err, auth){","            if(err){","              waterlock.logger.debug(err);","              return cb(err);","            }","","            user.auth = auth.shift();","            cb(err, user);  ","          });","        });","      }else{","        // just fire off update to user object so we can get the ","        // backwards association going.","        if(!auth.user.auth){","          waterlock.User.update(auth.user.id, {auth:auth.id}).exec(function(){});","        }","        ","        cb(null, self._invertAuth(auth));","      }","    },","","    /**","     * Find or create the auth then pass the results to _attachAuthToUser ","     * ","     * @param  {Object}   criteria   should be id to find the auth by","     * @param  {Object}   attributes auth attributes","     * @param  {Function} cb         function to be called when the auth has been","     *                               found or an error has occurred ","     *","     * @api public","     */","    findOrCreateAuth: function(criteria, attributes, cb){","      var self = this;","      waterlock.Auth.findOrCreate(criteria, attributes)","      .exec(function(err, newAuth){","        if(err){","          waterlock.logger.debug(err);","          return cb(err);","        }","","        waterlock.Auth.findOne(newAuth.id).populate('user')","        .exec(function(err, auth){","          if(err){","            waterlock.logger.debug(err);","            return cb(err);","          }","","          self._attachAuthToUser(auth, cb);","        });","      });","    },","","    /**","     * Attach given auth attributes to user ","     * ","     * @param  {Object}   attributes auth attributes","     * @param  {Object}   user       user instance","     * @param  {Function} cb         function to be called when the auth has been","     *                               attached or an error has occurred ","     * @api public","     */","    attachAuthToUser: function(attributes, user, cb){","      var self = this;","      attributes.user = user.id;","","      waterlock.User.findOne(user.id).exec(function(err, user){","        if(err){","          waterlock.logger.debug(err);","          return cb(err);","        }","  ","        if(user.auth){","          delete(attributes.auth); ","          //update existing auth","          waterlock.Auth.findOne(user.auth).exec(function(err, auth){","            if(err){","              waterlock.logger.debug(err); ","              return cb(err); ","            }","","            // Check if any attribtues have changed if so update them","            if(self._updateAuth(auth, attributes)){","               auth.save(function(err){","                if(err){","                  waterlock.logger.debug(err); ","                  return cb(err); ","                }","                user.auth = auth; ","                cb(err, user); ","              });           ","            }else{","              user.auth = auth; ","              cb(err, user); ","            }","","          });","        }else{","          // force create by pass of user id","          self.findOrCreateAuth(user.id, attributes, cb);","        }","      });","    },","","    /**","     * Inverts the auth object so we don't need to run another query","     * ","     * @param  {Object} auth Auth object","     * @return {Object}      User object","     * @api private","     */","    _invertAuth: function(auth){","      // nothing to invert","      if(!auth || !auth.user){","        return auth; ","      }","","      var u = auth.user;","      delete(auth.user);","      u.auth = auth;","      return u;","    },","","    /**","     * Decorates the auth object with values of the attributes object","     * where the attributes differ from the auth","     * ","     * @param  {Object} auth       waterline Auth instance","     * @param  {Object} attributes used to update auth with","     * @return {Boolean}           true if any values were updated","     */","    _updateAuth: function(auth, attributes){","      var changed = false; ","      for(var key in attributes){","        if(attributes.hasOwnProperty(key)){","          if(auth[key] !== attributes[key]){","            auth[key] = attributes[key]; ","            changed = true; ","          }","        }","      }","      return changed;","    }","\t};","};",""],"l":{"9":1,"10":0,"12":0,"23":0,"24":0,"26":0,"40":0,"43":0,"44":0,"45":0,"46":0,"47":0,"51":0,"52":0,"53":0,"54":0,"57":0,"58":0,"64":0,"65":0,"68":0,"83":0,"84":0,"86":0,"87":0,"88":0,"91":0,"93":0,"94":0,"95":0,"98":0,"113":0,"114":0,"116":0,"117":0,"118":0,"119":0,"122":0,"123":0,"125":0,"126":0,"127":0,"128":0,"132":0,"133":0,"134":0,"135":0,"136":0,"138":0,"139":0,"142":0,"143":0,"149":0,"163":0,"164":0,"167":0,"168":0,"169":0,"170":0,"182":0,"183":0,"184":0,"185":0,"186":0,"187":0,"191":0}},"/home/travis/build/npmtest/node-npmtest-waterlock/node_modules/waterlock/lib/config.js":{"path":"/home/travis/build/npmtest/node-npmtest-waterlock/node_modules/waterlock/lib/config.js","s":{"1":1,"2":1,"3":0,"4":0,"5":0,"6":0,"7":0,"8":0,"9":0},"b":{},"f":{"1":0},"fnMap":{"1":{"name":"(anonymous_1)","line":10,"loc":{"start":{"line":10,"column":17},"end":{"line":10,"column":27}}}},"statementMap":{"1":{"start":{"line":3,"column":0},"end":{"line":3,"column":27}},"2":{"start":{"line":10,"column":0},"end":{"line":21,"column":2}},"3":{"start":{"line":11,"column":2},"end":{"line":11,"column":13}},"4":{"start":{"line":12,"column":2},"end":{"line":18,"column":3}},"5":{"start":{"line":13,"column":4},"end":{"line":13,"column":79}},"6":{"start":{"line":14,"column":4},"end":{"line":14,"column":43}},"7":{"start":{"line":16,"column":4},"end":{"line":16,"column":99}},"8":{"start":{"line":17,"column":4},"end":{"line":17,"column":16}},"9":{"start":{"line":20,"column":2},"end":{"line":20,"column":16}}},"branchMap":{},"code":["'use strict';","","var path = require('path');","","/**"," * Tries to require the waterlock config"," * "," * @return {object} waterlock config file"," */","module.exports = function(){","  var config;","  try{","    var configPath = path.normalize(__dirname+'/../../../config/waterlock.js');","    config = require(configPath).waterlock;","  }catch(e){","    var error = new Error('No config file defined, try running [waterlock generate config]\\n\\n'+e);","    throw error;","  }","","  return config;","};"],"l":{"3":1,"10":1,"11":0,"12":0,"13":0,"14":0,"16":0,"17":0,"20":0}},"/home/travis/build/npmtest/node-npmtest-waterlock/node_modules/waterlock/lib/methods.js":{"path":"/home/travis/build/npmtest/node-npmtest-waterlock/node_modules/waterlock/lib/methods.js","s":{"1":1,"2":1,"3":0,"4":0,"5":0,"6":0,"7":0,"8":0,"9":0,"10":0,"11":0,"12":0,"13":0,"14":0,"15":0,"16":0,"17":0,"18":0,"19":0,"20":0,"21":0,"22":0,"23":0,"24":0,"25":0,"26":0,"27":0,"28":0,"29":0,"30":0,"31":0,"32":0,"33":0,"34":0,"35":0,"36":0},"b":{"1":[0,0],"2":[0,0]},"f":{"1":0,"2":0,"3":0,"4":0,"5":0,"6":0},"fnMap":{"1":{"name":"(anonymous_1)","line":11,"loc":{"start":{"line":11,"column":17},"end":{"line":11,"column":27}}},"2":{"name":"(anonymous_2)","line":22,"loc":{"start":{"line":22,"column":13},"end":{"line":22,"column":23}}},"3":{"name":"(anonymous_3)","line":43,"loc":{"start":{"line":43,"column":20},"end":{"line":43,"column":41}}},"4":{"name":"(anonymous_4)","line":67,"loc":{"start":{"line":67,"column":19},"end":{"line":67,"column":39}}},"5":{"name":"(anonymous_5)","line":88,"loc":{"start":{"line":88,"column":17},"end":{"line":88,"column":37}}},"6":{"name":"(anonymous_6)","line":108,"loc":{"start":{"line":108,"column":19},"end":{"line":108,"column":35}}}},"statementMap":{"1":{"start":{"line":3,"column":0},"end":{"line":3,"column":26}},"2":{"start":{"line":11,"column":0},"end":{"line":115,"column":2}},"3":{"start":{"line":12,"column":2},"end":{"line":12,"column":23}},"4":{"start":{"line":14,"column":2},"end":{"line":114,"column":4}},"5":{"start":{"line":23,"column":6},"end":{"line":23,"column":15}},"6":{"start":{"line":25,"column":6},"end":{"line":31,"column":7}},"7":{"start":{"line":26,"column":8},"end":{"line":26,"column":35}},"8":{"start":{"line":27,"column":12},"end":{"line":31,"column":7}},"9":{"start":{"line":28,"column":8},"end":{"line":28,"column":34}},"10":{"start":{"line":30,"column":8},"end":{"line":30,"column":32}},"11":{"start":{"line":33,"column":6},"end":{"line":33,"column":61}},"12":{"start":{"line":44,"column":6},"end":{"line":44,"column":22}},"13":{"start":{"line":45,"column":6},"end":{"line":45,"column":22}},"14":{"start":{"line":47,"column":6},"end":{"line":55,"column":7}},"15":{"start":{"line":48,"column":8},"end":{"line":52,"column":9}},"16":{"start":{"line":49,"column":10},"end":{"line":49,"column":44}},"17":{"start":{"line":50,"column":10},"end":{"line":50,"column":79}},"18":{"start":{"line":51,"column":10},"end":{"line":51,"column":45}},"19":{"start":{"line":54,"column":8},"end":{"line":54,"column":40}},"20":{"start":{"line":57,"column":6},"end":{"line":57,"column":20}},"21":{"start":{"line":68,"column":6},"end":{"line":68,"column":22}},"22":{"start":{"line":69,"column":6},"end":{"line":69,"column":40}},"23":{"start":{"line":71,"column":6},"end":{"line":76,"column":7}},"24":{"start":{"line":72,"column":8},"end":{"line":72,"column":73}},"25":{"start":{"line":73,"column":8},"end":{"line":73,"column":43}},"26":{"start":{"line":75,"column":8},"end":{"line":75,"column":40}},"27":{"start":{"line":78,"column":6},"end":{"line":78,"column":20}},"28":{"start":{"line":89,"column":6},"end":{"line":89,"column":22}},"29":{"start":{"line":90,"column":6},"end":{"line":90,"column":35}},"30":{"start":{"line":92,"column":6},"end":{"line":97,"column":7}},"31":{"start":{"line":93,"column":8},"end":{"line":93,"column":73}},"32":{"start":{"line":94,"column":8},"end":{"line":94,"column":43}},"33":{"start":{"line":96,"column":8},"end":{"line":96,"column":40}},"34":{"start":{"line":99,"column":6},"end":{"line":99,"column":20}},"35":{"start":{"line":109,"column":6},"end":{"line":110,"column":48}},"36":{"start":{"line":112,"column":6},"end":{"line":112,"column":18}}},"branchMap":{"1":{"line":25,"type":"if","locations":[{"start":{"line":25,"column":6},"end":{"line":25,"column":6}},{"start":{"line":25,"column":6},"end":{"line":25,"column":6}}]},"2":{"line":27,"type":"if","locations":[{"start":{"line":27,"column":12},"end":{"line":27,"column":12}},{"start":{"line":27,"column":12},"end":{"line":27,"column":12}}]}},"code":["'use strict';","","var _ = require('lodash');","","/**"," * Gets the current auth methods deinfed in the waterlock config file"," * then tries to require them one by one."," * "," * @return {Object} all chosen auth methods"," */","module.exports = function(){","  var waterlock = this;","","  return {","","    /**","     * try to require the authent
[...]
"end":{"line":58,"column":3}},"20":{"start":{"line":54,"column":4},"end":{"line":54,"column":40}},"21":{"start":{"line":55,"column":4},"end":{"line":57,"column":5}},"22":{"start":{"line":56,"column":6},"end":{"line":56,"column":33}},"23":{"start":{"line":60,"column":2},"end":{"line":60,"column":7}}},"branchMap":{"1":{"line":14,"type":"if","locations":[{"start":{"line":14,"column":4},"end":{"line":14,"column":4}},{"start":{"line":14,"column":4},"end":{"line":14,"column":4}}]},"2":{"line":38,"type":"if","locations":[{"start":{"line":38,"column":4},"end":{"line":38,"column":4}},{"start":{"line":38,"column":4},"end":{"line":38,"column":4}}]},"3":{"line":55,"type":"if","locations":[{"start":{"line":55,"column":4},"end":{"line":55,"column":4}},{"start":{"line":55,"column":4},"end":{"line":55,"column":4}}]}},"code":["'use strict';","","/**"," * Attempts describes an user's login, if it was successful, what ip it came from etc."," * @param  {object} attributes any attributes to append to the attempt model"," * @return {object} the template merged with the user defined attributes"," */","exports.attributes = function(attributes){","  var _ = require('lodash');","  var methods = waterlock.methods;","","  for(var key in methods){","    var method = methods[key];","    if(method.hasOwnProperty('model')){","      // call the decorator of each auth method","      method.model.auth.attributes(attributes);","    }","  }","  ","  var template = {","    user:{","      model: 'user'","    }","  };","","  return _.merge(template, attributes);","};","","/**"," * used to hash the password"," * @param  {object}   values "," * @param  {Function} cb     "," */","exports.beforeCreate = function(values, cb){","  var methods = waterlock.methods;","  for(var key in methods){","    var model = methods[key].model.auth;","    if(model.hasOwnProperty('beforeCreate')){","      model.beforeCreate(values);","    }","  }","","  cb();","};","","/**"," * used to update the password hash if user is trying to update password"," * @param  {object}   values "," * @param  {Function} cb     "," */","exports.beforeUpdate = function(values, cb){","  var methods = waterlock.methods;","  for(var key in methods){","    var model = methods[key].model.auth;","    if(model.hasOwnProperty('beforeUpdate')){","      model.beforeUpdate(values);","    }","  }","","  cb();","};"],"l":{"8":1,"9":0,"10":0,"12":0,"13":0,"14":0,"16":0,"20":0,"26":0,"34":1,"35":0,"36":0,"37":0,"38":0,"39":0,"43":0,"51":1,"52":0,"53":0,"54":0,"55":0,"56":0,"60":0}},"/home/travis/build/npmtest/node-npmtest-waterlock/node_modules/waterlock/lib/models/jwt.js":{"path":"/home/travis/build/npmtest/node-npmtest-waterlock/node_modules/waterlock/lib/models/jwt.js","s":{"1":1,"2":0,"3":0,"4":0},"b":{},"f":{"1":0},"fnMap":{"1":{"name":"(anonymous_1)","line":8,"loc":{"start":{"line":8,"column":21},"end":{"line":8,"column":41}}}},"statementMap":{"1":{"start":{"line":8,"column":0},"end":{"line":30,"column":2}},"2":{"start":{"line":9,"column":2},"end":{"line":9,"column":28}},"3":{"start":{"line":11,"column":2},"end":{"line":27,"column":4}},"4":{"start":{"line":29,"column":2},"end":{"line":29,"column":39}}},"branchMap":{},"code":["'use strict';","","/**"," * Returns an object attributes for the ApiKey model"," * @param  {Object} attributes user defined attributes for the ApiKey model"," * @return {Object} the user defined attributes combined with the template"," */","exports.attributes = function(attributes){","  var _ = require('lodash');","","  var template = {","    token: {","      type: 'text',","      maxLength: 512","    },","    uses: {","      collection: 'use',","      via: 'jsonWebToken'","    },","    owner: {","      model: 'user'","    },","    revoked: {","      type: 'boolean',","      defaultsTo: false","    }","  };","","  return _.merge(template, attributes);","};",""],"l":{"8":1,"9":0,"11":0,"29":0}},"/home/travis/build/npmtest/node-npmtest-waterlock/node_modules/waterlock/lib/models/use.js":{"path":"/home/travis/build/npmtest/node-npmtest-waterlock/node_modules/waterlock/lib/models/use.js","s":{"1":1,"2":0,"3":0,"4":0},"b":{},"f":{"1":0},"fnMap":{"1":{"name":"(anonymous_1)","line":8,"loc":{"start":{"line":8,"column":21},"end":{"line":8,"column":41}}}},"statementMap":{"1":{"start":{"line":8,"column":0},"end":{"line":21,"column":2}},"2":{"start":{"line":9,"column":2},"end":{"line":9,"column":28}},"3":{"start":{"line":11,"column":2},"end":{"line":18,"column":4}},"4":{"start":{"line":20,"column":2},"end":{"line":20,"column":39}}},"branchMap":{},"code":["'use strict';","","/**"," * Returns an object attributes for the KeyStat model"," * @param  {Object} attributes user defined attributes for the ApiKey model"," * @return {Object} the user defined attributes combined with the template"," */","exports.attributes = function(attributes){","  var _ = require('lodash');","","  var template = {","    remoteAddress: {","      type: 'string'","    },","    jsonWebToken: {","      model: 'jwt'","    },","  };","","  return _.merge(template, attributes);","};"],"l":{"8":1,"9":0,"11":0,"20":0}},"/home/travis/build/npmtest/node-npmtest-waterlock/node_modules/waterlock/lib/models/user.js":{"path":"/home/travis/build/npmtest/node-npmtest-waterlock/node_modules/waterlock/lib/models/user.js","s":{"1":1,"2":0,"3":0,"4":0},"b":{},"f":{"1":0},"fnMap":{"1":{"name":"(anonymous_1)","line":8,"loc":{"start":{"line":8,"column":21},"end":{"line":8,"column":41}}}},"statementMap":{"1":{"start":{"line":8,"column":0},"end":{"line":27,"column":2}},"2":{"start":{"line":9,"column":2},"end":{"line":9,"column":28}},"3":{"start":{"line":12,"column":2},"end":{"line":24,"column":4}},"4":{"start":{"line":26,"column":2},"end":{"line":26,"column":39}}},"branchMap":{},"code":["'use strict';","","/**"," * user model attributes"," * @param  {obejct} attributes user defined attributes"," * @return {object} attributes merged with template and method model object"," */","exports.attributes = function(attributes){","  var _ = require('lodash');","","  ","  var template = {","    attempts: {","      collection: 'attempt',","      via: 'user'","    },","    jsonWebTokens: {","      collection: 'jwt',","      via: 'owner'","    },","    auth:{","      model: 'auth'","    }","  };","","  return _.merge(template, attributes);","};","",""],"l":{"8":1,"9":0,"12":0,"26":0}},"/home/travis/build/npmtest/node-npmtest-waterlock/node_modules/waterlock/lib/controllers/actions/login.js":{"path":"/home/travis/build/npmtest/node-npmtest-waterlock/node_modules/waterlock/lib/controllers/actions/login.js","s":{"1":1,"2":0,"3":0,"4":0,"5":0,"6":0,"7":0,"8":0,"9":0},"b":{"1":[0,0],"2":[0,0],"3":[0,0]},"f":{"1":0},"fnMap":{"1":{"name":"(anonymous_1)","line":11,"loc":{"start":{"line":11,"column":17},"end":{"line":11,"column":35}}}},"statementMap":{"1":{"start":{"line":11,"column":0},"end":{"line":29,"column":2}},"2":{"start":{"line":12,"column":2},"end":{"line":12,"column":47}},"3":{"start":{"line":15,"column":2},"end":{"line":17,"column":3}},"4":{"start":{"line":16,"column":4},"end":{"line":16,"column":88}},"5":{"start":{"line":19,"column":2},"end":{"line":21,"column":3}},"6":{"start":{"line":20,"column":4},"end":{"line":20,"column":64}},"7":{"start":{"line":23,"column":2},"end":{"line":28,"column":3}},"8":{"start":{"line":25,"column":4},"end":{"line":25,"column":59}},"9":{"start":{"line":27,"column":4},"end":{"line":27,"column":65}}},"branchMap":{"1":{"line":15,"type":"if","locations":[{"start":{"line":15,"column":2},"end":{"line":15,"column":2}},{"start":{"line":15,"column":2},"end":{"line":15,"column":2}}]},"2":{"line":19,"type":"if","locations":[{"start":{"line":19,"column":2},"end":{"line":19,"column":2}},{"start":{"line":19,"column":2},"end":{"line":19,"column":2}}]},"3":{"line":23,"type":"if","locations":[{"start":{"line":23,"column":2},"end":{"line":23,"column":2}},{"start":{"line":23,"column":2},"end":{"line":23,"column":2}}]}},"code":["'use strict';","","/**"," * login action"," *"," * tries to find if we have an auth method to handle this type of login"," * request."," * "," * GET /auth/login"," */","module.exports = function(req, res){","  var params = waterlock._utils.allParams(req);","","  // If there is only 1 chosen auth method just assume it","  if(waterlock._utils.countTopLevel(waterlock.methods) === 1){","    params.type = waterlock._utils.accessObjectLikeArray(0, waterlock.methods).authType;","  }","","  if(typeof params.type === 'undefined'){","    return res.badRequest('You must specify a type parameter.');","  }","","  if(waterlock.methods.hasOwnProperty(params.type)){","    // call the login function of the correct auth type","    waterlock.methods[params.type].actions.login(req, res);","  }else{","    return res.badRequest('unknown/invalid authentication type');","  }","};"],"l":{"11":1,"12":0,"15":0,"16":0,"19":0,"20":0,"23":0,"25":0,"27":0}},"/home/travis/build/npmtest/node-npmtest-waterlock/node_modules/waterlock/lib/controllers/actions/logout.js":{"path":"/home/travis/build/npmtest/node-npmtest-waterlock/node_modules/waterlock/lib/controllers/actions/logout.js","s":{"1":1,"2":0,"3":0,"4":0,"5":0},"b":{"1":[0,0],"2":[0,0]},"f":{"1":0},"fnMap":{"1":{"name":"(anonymous_1)","line":10,"loc":{"start":{"line":10,"column":17},"end":{"line":10,"column":35}}}},"statementMap":{"1":{"start":{"line":10,"column":0},"end":{"line":19,"column":2}},"2":{"start":{"line":11,"column":2},"end":{"line":11,"column":47}},"3":{"start":{"line":13,"column":2},"end":{"line":18,"column":3}},"4":{"start":{"line":15,"column":4},"end":{"line":15,"column":37}},"5":{"start":{"line":17,"column":4},"end":{"line":17,"column":60}}},"branchMap":{"1":{"line":13,"type":"if","locations":[{"start":{"line":13,"column":2},"end":{"line":13,"column":2}},{"start":{"line":13,"column":2},"end":{"line":13,"column":2}}]},"2":{"line":13,"type":"binary-expr","locations":[{"start":{"line":13,"column":5},"end":{"line":13,"column":39}},{"start":{"line":14,"column":4},"end":{"line":14,"column":50}}]}},"code":["'use strict';","","/**"," * logout action"," * "," * creates a new token "," * "," * GET /user/jwt"," */","module.exports = function(req, res){","  var params = waterlock._utils.allParams(req);","","  if(typeof params.type === 'undefined' || ","    !waterlock.methods.hasOwnProperty(params.type)){","    waterlock.cycle.logout(req, res);","  }else{","    waterlock.methods[params.type].actions.logout(req, res);","  }","};"],"l":{"10":1,"11":0,"13":0,"15":0,"17":0}},"/home/travis/build/npmtest/node-npmtest-waterlock/node_modules/waterlock/lib/controllers/actions/register.js":{"path":"/home/travis/build/npmtest/node-npmtest-waterlock/node_modules/waterlock/lib/controllers/actions/register.js","s":{"1":1,"2":0,"3":0,"4":0,"5":0,"6":0,"7":0,"8":0,"9":0},"b":{"1":[0,0],"2":[0,0],"3":[0,0]},"f":{"1":0},"fnMap":{"1":{"name":"(anonymous_1)","line":11,"loc":{"start":{"line":11,"column":17},"end":{"line":11,"column":35}}}},"statementMap":{"1":{"start":{"line":11,"column":0},"end":{"line":29,"column":2}},"2":{"start":{"line":12,"column":2},"end":{"line":12,"column":47}},"3":{"start":{"line":15,"column":2},"end":{"line":17,"column":3}},"4":{"start":{"line":16,"column":4},"end":{"line":16,"column":88}},"5":{"start":{"line":19,"column":2},"end":{"line":21,"column":3}},"6":{"start":{"line":20,"column":4},"end":{"line":20,"column":64}},"7":{"start":{"line":23,"column":2},"end":{"line":28,"column":3}},"8":{"start":{"line":25,"column":4},"end":{"line":25,"column":62}},"9":{"start":{"line":27,"column":4},"end":{"line":27,"column":65}}},"branchMap":{"1":{"line":15,"type":"if","locations":[{"start":{"line":15,"column":2},"end":{"line":15,"column":2}},{"start":{"line":15,"column":2},"end":{"line":15,"column":2}}]},"2":{"line":19,"type":"if","locations":[{"start":{"line":19,"column":2},"end":{"line":19,"column":2}},{"start":{"line":19,"column":2},"end":{"line":19,"column":2}}]},"3":{"line":23,"type":"if","locations":[{"start":{"line":23,"column":2},"end":{"line":23,"column":2}},{"start":{"line":23,"column":2},"end":{"line":23,"column":2}}]}},"code":["'use strict';","","/**"," * login action"," *"," * tries to find if we have an auth method to handle this type of login"," * request."," *"," * GET /auth/login"," */","module.exports = function(req, res){","  var params = waterlock._utils.allParams(req);","","  // If there is only 1 chosen auth method just assume it","  if(waterlock._utils.countTopLevel(waterlock.methods) === 1){","    params.type = waterlock._utils.accessObjectLikeArray(0, waterlock.methods).authType;","  }","","  if(typeof params.type === 'undefined'){","    return res.badRequest('You must specify a type parameter.');","  }","","  if(waterlock.methods.hasOwnProperty(params.type)){","    // call the login function of the correct auth type","    waterlock.methods[params.type].actions.register(req, res);","  }else{","    return res.badRequest('unknown/invalid authentication type');","  }","};",""],"l":{"11":1,"12":0,"15":0,"16":0,"19":0,"20":0,"23":0,"25":0,"27":0}},"/home/travis/build/npmtest/node-npmtest-waterlock/node_modules/waterlock/lib/templates/controllers/AuthController.js":{"path":"/home/travis/build/npmtest/node-npmtest-waterlock/node_modules/waterlock/lib/templates/controllers/AuthController.js","s":{"1":2},"b":{},"f":{},"fnMap":{},"statementMap":{"1":{"start":{"line":11,"column":0},"end":{"line":18,"column":3}}},"branchMap":{},"code":["/**"," * AuthController"," *"," * @module      :: Controller"," * @description\t:: Provides the base authentication"," *                 actions used to make waterlock work."," *"," * @docs        :: http://waterlock.ninja/documentation"," */","","module.exports = require('waterlock').waterlocked({","  /* e.g.","    action: function(req, res){","  ","    }","  */","","});"],"l":{"11":2}},"/home/travis/build/npmtest/node-npmtest-waterlock/node_modules/waterlock/lib/templates/controllers/UserController.js":{"path":"/home/travis/build/npmtest/node-npmtest-waterlock/node_modules/waterlock/lib/templates/controllers/UserController.js","s":{"1":2},"b":{},"f":{},"fnMap":{},"statementMap":{"1":{"start":{"line":11,"column":0},"end":{"line":17,"column":3}}},"branchMap":{},"code":["/**"," * UserController.js "," * "," * @module      :: Controller"," * @description :: Provides the base user"," *                 actions used to make waterlock work."," *                 "," * @docs        :: http://waterlock.ninja/documentation"," */","","module.exports = require('waterlock').actions.user({","  /* e.g.","    action: function(req, res){","  ","    }","  */","});"],"l":{"11":2}},"/home/travis/build/npmtest/node-npmtest-waterlock/node_modules/waterlock/lib/templates/models/Attempt.js":{"path":"/home/travis/build/npmtest/node-npmtest-waterlock/node_modules/waterlock/lib/templates/models/Attempt.js","s":{"1":2},"b":{},"f":{},"fnMap":{},"statementMap":{"1":{"start":{"line":9,"column":0},"end":{"line":18,"column":2}}},"branchMap":{},"code":["/**"," * Attempt"," *"," * @module      :: Model"," * @description :: Tracks login attempts of users on your app."," * @docs        :: http://waterlock.ninja/documentation"," */","","module.exports = {","","  attributes: require('waterlock').models.attempt.attributes({","    ","    /* e.g.","    nickname: 'string'","    */","    ","  })","};"],"l":{"9":2}},"/home/travis/build/npmtest/node-npmtest-waterlock/node_modules/waterlock/lib/templates/models/Auth.js":{"path":"/home/travis/build/npmtest/node-npmtest-waterlock/node_modules/waterlock/lib/templates/models/Auth.js","s":{"1":2},"b":{},"f":{},"fnMap":{},"statementMap":{"1":{"start":{"line":9,"column":0},"end":{"line":21,"column":2}}},"branchMap":{},"code":["/**"," * Auth"," *"," * @module      :: Model"," * @description :: Holds all authentication methods for a User"," * @docs        :: http://waterlock.ninja/documentation"," */","","module.exports = {","","  attributes: require('waterlock').models.auth.attributes({","    ","    /* e.g.","    nickname: 'string'","    */","    ","  }),","  ","  beforeCreate: require('waterlock').models.auth.beforeCreate,","  beforeUpdate: require('waterlock').models.auth.beforeUpdate","};",""],"l":{"9":2}},"/home/travis/build/npmtest/node-npmtest-waterlock/node_modules/waterlock/lib/templates/models/Jwt.js":{"path":"/home/travis/build/npmtest/node-npmtest-waterlock/node_modules/waterlock/lib/templates/models/Jwt.js","s":{"1":2},"b":{},"f":{},"fnMap":{},"statementMap":{"1":{"start":{"line":9,"column":0},"end":{"line":18,"column":2}}},"branchMap":{},"code":["/**"," * Jwt"," *"," * @module      :: Model"," * @description :: Holds all distributed json web tokens"," * @docs        :: http://waterlock.ninja/documentation"," */","","module.exports = {","","  attributes: require('waterlock').models.jwt.attributes({","    ","    /* e.g.","    nickname: 'string'","    */","    ","  })","};",""],"l":{"9":2}},"/home/travis/build/npmtest/node-npmtest-waterlock/node_modules/waterlock/lib/templates/models/Use.js":{"path":"/home/travis/build/npmtest/node-npmtest-waterlock/node_modules/waterlock/lib/templates/models/Use.js","s":{"1":2},"b":{},"f":{},"fnMap":{},"statementMap":{"1":{"start":{"line":9,"column":0},"end":{"line":18,"column":2}}},"branchMap":{},"code":["/**"," * Use"," *"," * @module      :: Model"," * @description :: Tracks the usage of a given Jwt"," * @docs        :: http://waterlock.ninja/documentation"," */","","module.exports = {","","  attributes: require('waterlock').models.use.attributes({","    ","    /* e.g.","    nickname: 'string'","    */","    ","  })","};",""],"l":{"9":2}},"/home/travis/build/npmtest/node-npmtest-waterlock/node_modules/waterlock/lib/templates/models/User.js":{"path":"/home/travis/build/npmtest/node-npmtest-waterlock/node_modules/waterlock/lib/templates/models/User.js","s":{"1":2},"b":{},"f":{},"fnMap":{},"statementMap":{"1":{"start":{"line":9,"column":0},"end":{"line":21,"column":2}}},"branchMap":{},"code":["/**"," * User"," *"," * @module      :: Model"," * @description :: This is the base user model"," * @docs        :: http://waterlock.ninja/documentation"," */","","module.exports = {","","  attributes: require('waterlock').models.user.attributes({","    ","    /* e.g.","    nickname: 'string'","    */","    ","  }),","  ","  beforeCreate: require('waterlock').models.user.beforeCreate,","  beforeUpdate: require('waterlock').models.user.beforeUpdate","};",""],"l":{"9":2}},"/home/travis/build/npmtest/node-npmtest-waterlock/node_modules/waterlock/lib/templates/policies/hasJsonWebToken.js":{"path":"/home/travis/build/npmtest/node-npmtest-waterlock/node_modules/waterlock/lib/templates/policies/hasJsonWebToken.js","s":{"1":1,"2":0,"3":0,"4":0,"5":0},"b":{"1":[0,0]},"f":{"1":0,"2":0},"fnMap":{"1":{"name":"(anonymous_1)","line":12,"loc":{"start":{"line":12,"column":17},"end":{"line":12,"column":42}}},"2":{"name":"(anonymous_2)","line":13,"loc":{"start":{"line":13,"column":48},"end":{"line":13,"column":67}}}},"statementMap":{"1":{"start":{"line":12,"column":0},"end":{"line":21,"column":2}},"2":{"start":{"line":13,"column":2},"end":{"line":20,"column":5}},"3":{"start":{"line":14,"column":4},"end":{"line":16,"column":5}},"4":{"start":{"line":15,"column":6},"end":{"line":15,"column":32}},"5":{"start":{"line":19,"column":4},"end":{"line":19,"column":11}}},"branchMap":{"1":{"line":14,"type":"if","locations":[{"start":{"line":14,"column":4},"end":{"line":14,"column":4}},{"start":{"line":14,"column":4},"end":{"line":14,"column":4}}]}},"code":["'use strict';","/* jshint unused:false */","","/**"," * hasJsonWebToken"," *"," * @module      :: Policy"," * @description :: Assumes that your request has an jwt;"," *"," * @docs        :: http://waterlock.ninja/documentation"," */","module.exports = function(req, res, next) {","  waterlock.validator.validateTokenRequest(req, function(err, user){","    if(err){","      return res.forbidden(err);  ","    }","","    // valid request","    next();","  });","};",""],"l":{"12":1,"13":0,"14":0,"15":0,"19":0}}}